[+] Containers:
 |- [+] Container: /Game/nivel_01
 |   |- [+] ActorDescs:
 |   |   |- Guid:006134F44F6A9BACE9863FB5889FC629 BaseClass: NativeClass:/Script/Engine.StaticMeshActor Name:StaticMeshActor_UAID_10FFE02FCD79F0BF02_1556510495 Label:Cube9 SpatiallyLoaded:1 Bounds:IsValid=true, Min=(X=-93.653 Y=5360.786 Z=106.006), Max=(X=-71.534 Y=5655.219 Z=298.154) RuntimeGrid:None EditorOnly:0 RuntimeOnly:0 HLODRelevant:1 ListedInSceneOutliner:1 IsMainWorldOnly:0
 |   |   |- Guid:03A7537F449B104373DB86AB451F0A51 BaseClass: NativeClass:/Script/Engine.StaticMeshActor Name:StaticMeshActor_12 Label:SM_Cube8 SpatiallyLoaded:1 Bounds:IsValid=true, Min=(X=1300.000 Y=2600.000 Z=0.000), Max=(X=2500.000 Y=2900.000 Z=200.000) RuntimeGrid:None EditorOnly:0 RuntimeOnly:0 HLODRelevant:1 ListedInSceneOutliner:1 IsMainWorldOnly:0 FolderPath:Block02 FolderGuid:EBA23F8248252949750E43911A3A1CDD
 |   |   |- Guid:0ABD3A6C45762CA990BA49B10E193AAA BaseClass: NativeClass:/Script/Engine.StaticMeshActor Name:StaticMeshActor_UAID_10FFE02FCD79ECBF02_1389227730 Label:SM_Cube17 SpatiallyLoaded:1 Bounds:IsValid=true, Min=(X=896.963 Y=3850.000 Z=0.000), Max=(X=996.963 Y=7150.000 Z=400.000) RuntimeGrid:None EditorOnly:0 RuntimeOnly:0 HLODRelevant:1 ListedInSceneOutliner:1 IsMainWorldOnly:0 FolderPath:Playground FolderGuid:C73F09FC4215536B1DCE2A9E0A830C70
 |   |   |- Guid:0BCEA695470487A23F2A36BF2A88F6B4 BaseClass: NativeClass:/Script/Engine.SceneCaptureCube Name:SceneCaptureCube_UAID_10FFE02FCD7919BD02_1588154479 Label:SceneCaptureCube SpatiallyLoaded:1 Bounds:IsValid=true, Min=(X=870.000 Y=2530.000 Z=120.000), Max=(X=870.000 Y=2530.000 Z=120.000) RuntimeGrid:None EditorOnly:0 RuntimeOnly:0 HLODRelevant:0 ListedInSceneOutliner:1 IsMainWorldOnly:0
 |   |   |- Guid:0C80ACD842798EFF98B3A08C81162AC7 BaseClass: NativeClass:/Script/Engine.StaticMeshActor Name:StaticMeshActor_13 Label:SM_Cube9 SpatiallyLoaded:1 Bounds:IsValid=true, Min=(X=1800.000 Y=1500.000 Z=0.000), Max=(X=2000.000 Y=2200.000 Z=100.000) RuntimeGrid:None EditorOnly:0 RuntimeOnly:0 HLODRelevant:1 ListedInSceneOutliner:1 IsMainWorldOnly:0 FolderPath:Block01 FolderGuid:7D23E5AE4C2A421F86AF6986D87E6D05
 |   |   |- Guid:0CAEBF6B4BF07DDB36CDC18CF723E4A0 BaseClass: NativeClass:/Script/Engine.DirectionalLight Name:DirectionalLight_0 Label:DirectionalLight SpatiallyLoaded:0 Bounds:Invalid RuntimeGrid:None EditorOnly:0 RuntimeOnly:0 HLODRelevant:0 ListedInSceneOutliner:1 IsMainWorldOnly:0 FolderPath:Lighting FolderGuid:963EC3EB4002CCE9759E2EBA541A873A
 |   |   |- Guid:0DD573BB4F5D42700050FCB1C6F6016E BaseClass: NativeClass:/Script/Engine.StaticMeshActor Name:StaticMeshActor_UAID_10FFE02FCD79EFBF02_2127754313 Label:Cube3 SpatiallyLoaded:1 Bounds:IsValid=true, Min=(X=-63.864 Y=5266.944 Z=-27.243), Max=(X=36.136 Y=5366.944 Z=72.757) RuntimeGrid:None EditorOnly:0 RuntimeOnly:0 HLODRelevant:1 ListedInSceneOutliner:1 IsMainWorldOnly:0
 |   |   |- Guid:10990B2743AD9D4D4C53E587EF6D6285 BaseClass: NativeClass:/Script/Engine.PlayerStart Name:PlayerStart_0 Label:PlayerStart SpatiallyLoaded:0 Bounds:IsValid=true, Min=(X=759.380 Y=5390.759 Z=0.013), Max=(X=839.380 Y=5470.759 Z=184.013) RuntimeGrid:None EditorOnly:0 RuntimeOnly:0 HLODRelevant:0 ListedInSceneOutliner:1 IsMainWorldOnly:0
 |   |   |- Guid:16869AEF4F919E842F540C94E7F43B17 BaseClass: NativeClass:/Script/Engine.StaticMeshActor Name:StaticMeshActor_16 Label:SM_Cube11 SpatiallyLoaded:1 Bounds:IsValid=true, Min=(X=400.000 Y=2600.000 Z=0.000), Max=(X=700.000 Y=2900.000 Z=200.000) RuntimeGrid:None EditorOnly:0 RuntimeOnly:0 HLODRelevant:1 ListedInSceneOutliner:1 IsMainWorldOnly:0 FolderPath:Block03 FolderGuid:7B7009C345D3D6DD94D3429E1D79C034
 |   |   |- Guid:17754D8748824410914F63817EDC4593 BaseClass: NativeClass:/Script/Engine.StaticMeshActor Name:StaticMeshActor_22 Label:SM_QuarterCylinder4 SpatiallyLoaded:1 Bounds:IsValid=true, Min=(X=300.000 Y=2600.000 Z=0.000), Max=(X=400.000 Y=2700.000 Z=200.000) RuntimeGrid:None EditorOnly:0 RuntimeOnly:0 HLODRelevant:1 ListedInSceneOutliner:1 IsMainWorldOnly:0 FolderPath:Block03 FolderGuid:7B7009C345D3D6DD94D3429E1D79C034
 |   |   |- Guid:18B7F6DD49C81640671185B5DDB643F0 BaseClass: NativeClass:/Script/Engine.StaticMeshActor Name:StaticMeshActor_2 Label:SM_ChamferCube SpatiallyLoaded:1 Bounds:IsValid=true, Min=(X=1100.000 Y=2000.000 Z=0.013), Max=(X=1200.000 Y=2100.000 Z=100.013) RuntimeGrid:None EditorOnly:0 RuntimeOnly:0 HLODRelevant:0 ListedInSceneOutliner:1 IsMainWorldOnly:0
 |   |   |- Guid:1BD6DFA34286A35C8130369574A3E9F6 BaseClass: NativeClass:/Script/Engine.StaticMeshActor Name:StaticMeshActor_0 Label:SM_Cube5 SpatiallyLoaded:1 Bounds:IsValid=true, Min=(X=-0.000 Y=100.000 Z=0.000), Max=(X=100.000 Y=3400.000 Z=400.000) RuntimeGrid:None EditorOnly:0 RuntimeOnly:0 HLODRelevant:1 ListedInSceneOutliner:1 IsMainWorldOnly:0 FolderPath:Playground FolderGuid:C73F09FC4215536B1DCE2A9E0A830C70
 |   |   |- Guid:21DE482C4801279298DDD9A2EC7E49EC BaseClass: NativeClass:/Script/Engine.StaticMeshActor Name:StaticMeshActor_UAID_A4AE111137DC5EFB00_1110535423 Label:SM_SkySphere SpatiallyLoaded:0 Bounds:IsValid=true, Min=(X=-1638400.000 Y=-1638400.000 Z=-1638400.000), Max=(X=1638400.000 Y=1638400.000 Z=1638400.000) RuntimeGrid:None EditorOnly:0 RuntimeOnly:0 HLODRelevant:0 ListedInSceneOutliner:1 IsMainWorldOnly:0 FolderPath:Lighting FolderGuid:963EC3EB4002CCE9759E2EBA541A873A
 |   |   |- Guid:25A94B004E17F4288914B7A60466E101 BaseClass:/Game/cuadro3D/cambio_cuadro.cambio_cuadro_C NativeClass:/Script/Engine.Actor Name:cambio_cuadro_C_UAID_10FFE02FCD791ABD02_1600466658 Label:cambio_cuadro SpatiallyLoaded:1 Bounds:IsValid=true, Min=(X=800.000 Y=280.000 Z=26.000), Max=(X=1080.000 Y=700.000 Z=334.000) RuntimeGrid:None EditorOnly:0 RuntimeOnly:0 HLODRelevant:0 ListedInSceneOutliner:1 IsMainWorldOnly:0
 |   |   |- Guid:2CE42F1B4A313347AF365AA31678579F BaseClass: NativeClass:/Script/Engine.VolumetricCloud Name:VolumetricCloud_0 Label:VolumetricCloud SpatiallyLoaded:0 Bounds:IsValid=true, Min=(X=0.000 Y=0.000 Z=820.000), Max=(X=0.000 Y=0.000 Z=820.000) RuntimeGrid:None EditorOnly:0 RuntimeOnly:0 HLODRelevant:0 ListedInSceneOutliner:1 IsMainWorldOnly:0 FolderPath:Lighting FolderGuid:963EC3EB4002CCE9759E2EBA541A873A
 |   |   |- Guid:31F6482D452D4905CC46538FAD464B29 BaseClass: NativeClass:/Script/Engine.StaticMeshActor Name:StaticMeshActor_5 Label:SM_Cube2 SpatiallyLoaded:1 Bounds:IsValid=true, Min=(X=0.000 Y=0.000 Z=0.000), Max=(X=3000.000 Y=100.000 Z=400.000) RuntimeGrid:None EditorOnly:0 RuntimeOnly:0 HLODRelevant:1 ListedInSceneOutliner:1 IsMainWorldOnly:0 FolderPath:Playground FolderGuid:C73F09FC4215536B1DCE2A9E0A830C70
 |   |   |- Guid:3812BDF740ACD5F7FFD7AC9266DA47E8 BaseClass: NativeClass:/Script/Engine.StaticMeshActor Name:StaticMeshActor_20 Label:SM_Cube12 SpatiallyLoaded:1 Bounds:IsValid=true, Min=(X=2500.000 Y=2700.000 Z=0.000), Max=(X=2600.000 Y=2800.000 Z=200.000) RuntimeGrid:None EditorOnly:0 RuntimeOnly:0 HLODRelevant:1 ListedInSceneOutliner:1 IsMainWorldOnly:0 FolderPath:Block02 FolderGuid:EBA23F8248252949750E43911A3A1CDD
 |   |   |- Guid:3DEAD8EB468AAFA98E72B58C9C791D67 BaseClass: NativeClass:/Script/Engine.StaticMeshActor Name:StaticMeshActor_14 Label:SM_Ramp3 SpatiallyLoaded:1 Bounds:IsValid=true, Min=(X=1800.000 Y=1700.000 Z=100.000), Max=(X=2000.000 Y=2100.000 Z=200.000) RuntimeGrid:None EditorOnly:0 RuntimeOnly:0 HLODRelevant:1 ListedInSceneOutliner:1 IsMainWorldOnly:0 FolderPath:Block01 FolderGuid:7D23E5AE4C2A421F86AF6986D87E6D05
 |   |   |- Guid:400A0D6948A5DD916351648FEAEBA446 BaseClass: NativeClass:/Script/Engine.SkyAtmosphere Name:SkyAtmosphere_0 Label:SkyAtmosphere SpatiallyLoaded:0 Bounds:IsValid=true, Min=(X=0.000 Y=0.000 Z=1020.000), Max=(X=0.000 Y=0.000 Z=1020.000) RuntimeGrid:None EditorOnly:0 RuntimeOnly:0 HLODRelevant:0 ListedInSceneOutliner:1 IsMainWorldOnly:0 FolderPath:Lighting FolderGuid:963EC3EB4002CCE9759E2EBA541A873A
 |   |   |- Guid:44DD138E4DF1EECEBDC64E9F8F31EC43 BaseClass: NativeClass:/Script/Engine.StaticMeshActor Name:StaticMeshActor_10 Label:SM_ChamferCube2 SpatiallyLoaded:1 Bounds:IsValid=true, Min=(X=992.077 Y=2692.077 Z=0.013), Max=(X=1107.923 Y=2807.923 Z=100.013) RuntimeGrid:None EditorOnly:0 RuntimeOnly:0 HLODRelevant:0 ListedInSceneOutliner:1 IsMainWorldOnly:0
 |   |   |- Guid:4F67D2AA4EF4694BA62E2BB20CCB91D9 BaseClass: NativeClass:/Script/Engine.ExponentialHeightFog Name:ExponentialHeightFog_0 Label:ExponentialHeightFog SpatiallyLoaded:0 Bounds:IsValid=true, Min=(X=-5600.000 Y=-50.000 Z=-6850.000), Max=(X=-5600.000 Y=-50.000 Z=-6850.000) RuntimeGrid:None EditorOnly:0 RuntimeOnly:0 HLODRelevant:0 ListedInSceneOutliner:1 IsMainWorldOnly:0 FolderPath:Lighting FolderGuid:963EC3EB4002CCE9759E2EBA541A873A
 |   |   |- Guid:5410DE004613118D1B20EAB9B5BD90F5 BaseClass: NativeClass:/Script/Engine.StaticMeshActor Name:StaticMeshActor_UAID_10FFE02FCD79EEBF02_1823778102 Label:SM_Cube18 SpatiallyLoaded:1 Bounds:IsValid=true, Min=(X=-278.137 Y=5851.096 Z=-275.134), Max=(X=1176.315 Y=5951.096 Z=398.593) RuntimeGrid:None EditorOnly:0 RuntimeOnly:0 HLODRelevant:1 ListedInSceneOutliner:1 IsMainWorldOnly:0 FolderPath:Playground FolderGuid:C73F09FC4215536B1DCE2A9E0A830C70
 |   |   |- Guid:595FF124438E64BBE457418852297A1C BaseClass: NativeClass:/Script/Engine.StaticMeshActor Name:StaticMeshActor_34 Label:SM_QuarterCylinder13 SpatiallyLoaded:1 Bounds:IsValid=true, Min=(X=2000.000 Y=500.000 Z=0.000), Max=(X=2200.000 Y=700.000 Z=100.000) RuntimeGrid:None EditorOnly:0 RuntimeOnly:0 HLODRelevant:1 ListedInSceneOutliner:1 IsMainWorldOnly:0 FolderPath:Cylinder FolderGuid:D075E5BA49330D3EC2503D81A7CF88D1
 |   |   |- Guid:59CDCFA9456072C09B26B6AFB40E942E BaseClass: NativeClass:/Script/Engine.StaticMeshActor Name:StaticMeshActor_UAID_10FFE02FCD79F0BF02_1180694493 Label:Cube7 SpatiallyLoaded:1 Bounds:IsValid=true, Min=(X=-44.751 Y=5147.022 Z=114.395), Max=(X=95.559 Y=5169.141 Z=306.543) RuntimeGrid:None EditorOnly:0 RuntimeOnly:0 HLODRelevant:1 ListedInSceneOutliner:1 IsMainWorldOnly:0
 |   |   |- Guid:5EC46A334E2B86669F36E2933904D3FB BaseClass: NativeClass:/Script/Engine.WorldDataLayers Name:WorldDataLayers Label:WorldDataLayers SpatiallyLoaded:0 Bounds:Invalid RuntimeGrid:None EditorOnly:0 RuntimeOnly:0 HLODRelevant:0 ListedInSceneOutliner:1 IsMainWorldOnly:1
 |   |   |- Guid:65701BB844FCE9FF47A488ACD8340D0F BaseClass: NativeClass:/Script/Engine.StaticMeshActor Name:StaticMeshActor_35 Label:SM_QuarterCylinder14 SpatiallyLoaded:1 Bounds:IsValid=true, Min=(X=2200.000 Y=500.000 Z=0.000), Max=(X=2400.000 Y=700.000 Z=100.000) RuntimeGrid:None EditorOnly:0 RuntimeOnly:0 HLODRelevant:1 ListedInSceneOutliner:1 IsMainWorldOnly:0 FolderPath:Cylinder FolderGuid:D075E5BA49330D3EC2503D81A7CF88D1
 |   |   |- Guid:6A2DC63D4A2FEEF377121DB8A9701C1C BaseClass: NativeClass:/Script/Engine.StaticMeshActor Name:StaticMeshActor_UAID_10FFE02FCD79F0BF02_1211643494 Label:Cube8 SpatiallyLoaded:1 Bounds:IsValid=true, Min=(X=-85.304 Y=5184.294 Z=114.395), Max=(X=-63.186 Y=5324.603 Z=306.543) RuntimeGrid:None EditorOnly:0 RuntimeOnly:0 HLODRelevant:1 ListedInSceneOutliner:1 IsMainWorldOnly:0
 |   |   |- Guid:6B13662E42A91B2D8D7B69AC1F64B7D1 BaseClass: NativeClass:/Script/Engine.SkyLight Name:SkyLight_1 Label:SkyLight SpatiallyLoaded:0 Bounds:IsValid=true, Min=(X=0.000 Y=0.000 Z=690.000), Max=(X=0.000 Y=0.000 Z=690.000) RuntimeGrid:None EditorOnly:0 RuntimeOnly:0 HLODRelevant:0 ListedInSceneOutliner:1 IsMainWorldOnly:0 FolderPath:Lighting FolderGuid:963EC3EB4002CCE9759E2EBA541A873A
 |   |   |- Guid:6C20A3274BF8679ADF08C9AAFE2AE087 BaseClass: NativeClass:/Script/Engine.StaticMeshActor Name:StaticMeshActor_9 Label:SM_Ramp2 SpatiallyLoaded:1 Bounds:IsValid=true, Min=(X=1400.000 Y=1500.000 Z=0.000), Max=(X=1800.000 Y=1700.000 Z=100.000) RuntimeGrid:None EditorOnly:0 RuntimeOnly:0 HLODRelevant:1 ListedInSceneOutliner:1 IsMainWorldOnly:0 FolderPath:Block01 FolderGuid:7D23E5AE4C2A421F86AF6986D87E6D05
 |   |   |- Guid:6E000EE048AAE3CBFCDFD78562F129F2 BaseClass: NativeClass:/Script/Engine.StaticMeshActor Name:StaticMeshActor_UAID_10FFE02FCD79ECBF02_1360267727 Label:SM_Cube14 SpatiallyLoaded:1 Bounds:IsValid=true, Min=(X=-301.766 Y=3750.000 Z=-50.000), Max=(X=1044.487 Y=7250.000 Z=0.000) RuntimeGrid:None EditorOnly:0 RuntimeOnly:0 HLODRelevant:1 ListedInSceneOutliner:1 IsMainWorldOnly:0 FolderPath:Playground FolderGuid:C73F09FC4215536B1DCE2A9E0A830C70
 |   |   |- Guid:74E46ED943A8E07E6012BAB462AA944A BaseClass: NativeClass:/Script/Engine.StaticMeshActor Name:StaticMeshActor_24 Label:SM_Cube13 SpatiallyLoaded:1 Bounds:IsValid=true, Min=(X=300.000 Y=2700.000 Z=0.000), Max=(X=400.000 Y=2800.000 Z=200.000) RuntimeGrid:None EditorOnly:0 RuntimeOnly:0 HLODRelevant:1 ListedInSceneOutliner:1 IsMainWorldOnly:0 FolderPath:Block03 FolderGuid:7B7009C345D3D6DD94D3429E1D79C034
 |   |   |- Guid:77D3D4AD4A8F76C13E9FBAB65B0916D8 BaseClass: NativeClass:/Script/Engine.StaticMeshActor Name:StaticMeshActor_UAID_10FFE02FCD79EEBF02_2081350106 Label:Cube2 SpatiallyLoaded:1 Bounds:IsValid=true, Min=(X=886.149 Y=5383.412 Z=-16.345), Max=(X=915.543 Y=5529.728 Z=277.535) RuntimeGrid:None EditorOnly:0 RuntimeOnly:0 HLODRelevant:1 ListedInSceneOutliner:1 IsMainWorldOnly:0
 |   |   |- Guid:7EED11EE46B8F98F78FEC1A1D436B274 BaseClass: NativeClass:/Script/Engine.PostProcessVolume Name:PostProcessVolume_0 Label:PostProcessVolume SpatiallyLoaded:0 Bounds:IsValid=true, Min=(X=0.000 Y=0.000 Z=400.000), Max=(X=200.000 Y=200.000 Z=600.000) RuntimeGrid:None EditorOnly:0 RuntimeOnly:0 HLODRelevant:0 ListedInSceneOutliner:1 IsMainWorldOnly:0 FolderPath:Lighting FolderGuid:963EC3EB4002CCE9759E2EBA541A873A
 |   |   |- Guid:910A6D364C5EE3BA27F68E9A736F3F5D BaseClass: NativeClass:/Script/Engine.StaticMeshActor Name:StaticMeshActor_32 Label:SM_QuarterCylinder11 SpatiallyLoaded:1 Bounds:IsValid=true, Min=(X=2200.000 Y=700.000 Z=-0.000), Max=(X=2400.000 Y=900.000 Z=100.000) RuntimeGrid:None EditorOnly:0 RuntimeOnly:0 HLODRelevant:1 ListedInSceneOutliner:1 IsMainWorldOnly:0 FolderPath:Cylinder FolderGuid:D075E5BA49330D3EC2503D81A7CF88D1
 |   |   |- Guid:9425D5624F7842F20742D2946BAC601C BaseClass: NativeClass:/Script/Engine.StaticMeshActor Name:StaticMeshActor_UAID_10FFE02FCD79EFBF02_2137341314 Label:Cube4 SpatiallyLoaded:1 Bounds:IsValid=true, Min=(X=-62.784 Y=5645.070 Z=-27.243), Max=(X=37.216 Y=5745.070 Z=72.757) RuntimeGrid:None EditorOnly:0 RuntimeOnly:0 HLODRelevant:1 ListedInSceneOutliner:1 IsMainWorldOnly:0
 |   |   |- Guid:9489A2904D9EE829618D26A5AD035D7E BaseClass: NativeClass:/Script/Engine.StaticMeshActor Name:StaticMeshActor_33 Label:SM_QuarterCylinder12 SpatiallyLoaded:1 Bounds:IsValid=true, Min=(X=2000.000 Y=700.000 Z=0.000), Max=(X=2200.000 Y=900.000 Z=100.000) RuntimeGrid:None EditorOnly:0 RuntimeOnly:0 HLODRelevant:1 ListedInSceneOutliner:1 IsMainWorldOnly:0 FolderPath:Cylinder FolderGuid:D075E5BA49330D3EC2503D81A7CF88D1
 |   |   |- Guid:A0C6C89045DF393FDC0E0B91599FEC4E BaseClass: NativeClass:/Script/Engine.StaticMeshActor Name:StaticMeshActor_6 Label:SM_Cube3 SpatiallyLoaded:1 Bounds:IsValid=true, Min=(X=0.000 Y=3400.000 Z=0.000), Max=(X=3000.000 Y=3500.000 Z=400.000) RuntimeGrid:None EditorOnly:0 RuntimeOnly:0 HLODRelevant:1 ListedInSceneOutliner:1 IsMainWorldOnly:0 FolderPath:Playground FolderGuid:C73F09FC4215536B1DCE2A9E0A830C70
 |   |   |- Guid:A4ACA2D0461675141CDC9B975D79D42A BaseClass: NativeClass:/Script/Engine.StaticMeshActor Name:StaticMeshActor_4 Label:SM_Cube6 SpatiallyLoaded:1 Bounds:IsValid=true, Min=(X=2900.000 Y=100.000 Z=0.000), Max=(X=3000.000 Y=3400.000 Z=400.000) RuntimeGrid:None EditorOnly:0 RuntimeOnly:0 HLODRelevant:1 ListedInSceneOutliner:1 IsMainWorldOnly:0 FolderPath:Playground FolderGuid:C73F09FC4215536B1DCE2A9E0A830C70
 |   |   |- Guid:A6687765442B8DA96B8ADAAD1BDD56DE BaseClass: NativeClass:/Script/Engine.StaticMeshActor Name:StaticMeshActor_23 Label:SM_QuarterCylinder5 SpatiallyLoaded:1 Bounds:IsValid=true, Min=(X=300.000 Y=2800.000 Z=0.000), Max=(X=400.000 Y=2900.000 Z=200.000) RuntimeGrid:None EditorOnly:0 RuntimeOnly:0 HLODRelevant:1 ListedInSceneOutliner:1 IsMainWorldOnly:0 FolderPath:Block03 FolderGuid:7B7009C345D3D6DD94D3429E1D79C034
 |   |   |- Guid:AEDE6B1F487C85983937359F9512A926 BaseClass: NativeClass:/Script/Engine.StaticMeshActor Name:StaticMeshActor_7 Label:SM_Cube7 SpatiallyLoaded:1 Bounds:IsValid=true, Min=(X=1300.000 Y=2200.000 Z=0.000), Max=(X=1500.000 Y=2300.000 Z=200.000) RuntimeGrid:None EditorOnly:0 RuntimeOnly:0 HLODRelevant:1 ListedInSceneOutliner:1 IsMainWorldOnly:0 FolderPath:Block01 FolderGuid:7D23E5AE4C2A421F86AF6986D87E6D05
 |   |   |- Guid:B482FEA348A61021B1E857AFDE2CA089 BaseClass: NativeClass:/Script/Engine.StaticMeshActor Name:StaticMeshActor_UAID_10FFE02FCD79F0BF02_1147172492 Label:Cube6 SpatiallyLoaded:1 Bounds:IsValid=true, Min=(X=298.991 Y=5141.444 Z=-8.279), Max=(X=515.996 Y=5215.749 Z=293.275) RuntimeGrid:None EditorOnly:0 RuntimeOnly:0 HLODRelevant:1 ListedInSceneOutliner:1 IsMainWorldOnly:0
 |   |   |- Guid:B71716F84C32AE96F07AD29915A28095 BaseClass: NativeClass:/Script/Engine.StaticMeshActor Name:StaticMeshActor_3 Label:SM_Ramp SpatiallyLoaded:1 Bounds:IsValid=true, Min=(X=1300.000 Y=600.000 Z=0.000), Max=(X=1700.000 Y=800.000 Z=30.000) RuntimeGrid:None EditorOnly:0 RuntimeOnly:0 HLODRelevant:1 ListedInSceneOutliner:1 IsMainWorldOnly:0
 |   |   |- Guid:BE2227F84B4F6F25AD8B10BF0B25DEF4 BaseClass: NativeClass:/Script/Engine.StaticMeshActor Name:StaticMeshActor_1 Label:SM_Cube SpatiallyLoaded:1 Bounds:IsValid=true, Min=(X=0.000 Y=0.000 Z=-50.000), Max=(X=3000.000 Y=3500.000 Z=0.000) RuntimeGrid:None EditorOnly:0 RuntimeOnly:0 HLODRelevant:1 ListedInSceneOutliner:1 IsMainWorldOnly:0 FolderPath:Playground FolderGuid:C73F09FC4215536B1DCE2A9E0A830C70
 |   |   |- Guid:BE2466E44A038B2D2BA5E8B338378F75 BaseClass: NativeClass:/Script/Engine.StaticMeshActor Name:StaticMeshActor_21 Label:SM_QuarterCylinder3 SpatiallyLoaded:1 Bounds:IsValid=true, Min=(X=1500.000 Y=2200.000 Z=0.000), Max=(X=1600.000 Y=2300.000 Z=200.000) RuntimeGrid:None EditorOnly:0 RuntimeOnly:0 HLODRelevant:1 ListedInSceneOutliner:1 IsMainWorldOnly:0 FolderPath:Block01 FolderGuid:7D23E5AE4C2A421F86AF6986D87E6D05
 |   |   |- Guid:BE4969094AC08F4FC88C2491DDB0CDBF BaseClass: NativeClass:/Script/Engine.StaticMeshActor Name:StaticMeshActor_8 Label:SM_Cube4 SpatiallyLoaded:1 Bounds:IsValid=true, Min=(X=1200.000 Y=1700.000 Z=0.000), Max=(X=1800.000 Y=2200.000 Z=200.000) RuntimeGrid:None EditorOnly:0 RuntimeOnly:0 HLODRelevant:1 ListedInSceneOutliner:1 IsMainWorldOnly:0 FolderPath:Block01 FolderGuid:7D23E5AE4C2A421F86AF6986D87E6D05
 |   |   |- Guid:C7A3A0FC4DEE86F4CF6BE1A50538CBA9 BaseClass: NativeClass:/Script/Engine.StaticMeshActor Name:StaticMeshActor_UAID_10FFE02FCD79ECBF02_1366623728 Label:SM_Cube15 SpatiallyLoaded:1 Bounds:IsValid=true, Min=(X=-175.542 Y=4259.335 Z=-0.000), Max=(X=-75.542 Y=6560.527 Z=400.000) RuntimeGrid:None EditorOnly:0 RuntimeOnly:0 HLODRelevant:1 ListedInSceneOutliner:1 IsMainWorldOnly:0 FolderPath:Playground FolderGuid:C73F09FC4215536B1DCE2A9E0A830C70
 |   |   |- Guid:CC1ECAB3431D8EDA7CFE5684958A463E BaseClass: NativeClass:/Script/Engine.StaticMeshActor Name:StaticMeshActor_UAID_10FFE02FCD79ECBF02_1379006729 Label:SM_Cube16 SpatiallyLoaded:1 Bounds:IsValid=true, Min=(X=-276.227 Y=5058.836 Z=0.000), Max=(X=1024.587 Y=5158.836 Z=400.000) RuntimeGrid:None EditorOnly:0 RuntimeOnly:0 HLODRelevant:1 ListedInSceneOutliner:1 IsMainWorldOnly:0 FolderPath:Playground FolderGuid:C73F09FC4215536B1DCE2A9E0A830C70
 |   |   |- Guid:CD9D6845485455B10FE7A88A42497386 BaseClass: NativeClass:/Script/Engine.StaticMeshActor Name:StaticMeshActor_15 Label:SM_Cube10 SpatiallyLoaded:1 Bounds:IsValid=true, Min=(X=1800.000 Y=2100.000 Z=100.000), Max=(X=2000.000 Y=2200.000 Z=200.000) RuntimeGrid:None EditorOnly:0 RuntimeOnly:0 HLODRelevant:1 ListedInSceneOutliner:1 IsMainWorldOnly:0 FolderPath:Block01 FolderGuid:7D23E5AE4C2A421F86AF6986D87E6D05
 |   |   |- Guid:E244192A430E6FE02566028C3A1F1072 BaseClass: NativeClass:/Script/Engine.SceneCaptureCube Name:SceneCaptureCube_UAID_10FFE02FCD791ABD02_1293076657 Label:SceneCaptureCube2 SpatiallyLoaded:1 Bounds:IsValid=true, Min=(X=2190.000 Y=1440.000 Z=60.000), Max=(X=2190.000 Y=1440.000 Z=60.000) RuntimeGrid:None EditorOnly:0 RuntimeOnly:0 HLODRelevant:0 ListedInSceneOutliner:1 IsMainWorldOnly:0
 |   |   |- Guid:E42965AE4B2CF74A0A315E964A1C0A2C BaseClass: NativeClass:/Script/Engine.StaticMeshActor Name:StaticMeshActor_UAID_10FFE02FCD79EFBF02_2092369312 Label:Cube SpatiallyLoaded:1 Bounds:IsValid=true, Min=(X=-82.440 Y=5393.125 Z=-8.586), Max=(X=234.295 Y=5614.314 Z=71.997) RuntimeGrid:None EditorOnly:0 RuntimeOnly:0 HLODRelevant:1 ListedInSceneOutliner:1 IsMainWorldOnly:0
 |   |   |- Guid:E8306F6E461AF6D005F0AD8C82A568C6 BaseClass: NativeClass:/Script/Engine.StaticMeshActor Name:StaticMeshActor_UAID_10FFE02FCD79F0BF02_1627068496 Label:Cube10 SpatiallyLoaded:1 Bounds:IsValid=true, Min=(X=638.607 Y=5708.792 Z=-17.120), Max=(X=855.612 Y=5858.757 Z=119.894) RuntimeGrid:None EditorOnly:0 RuntimeOnly:0 HLODRelevant:1 ListedInSceneOutliner:1 IsMainWorldOnly:0
 |   |   |- Guid:E95354B746F3447D15CA2BA4CE1B4A84 BaseClass: NativeClass:/Script/Engine.StaticMeshActor Name:StaticMeshActor_25 Label:SM_QuarterCylinder6 SpatiallyLoaded:1 Bounds:IsValid=true, Min=(X=1200.000 Y=2200.000 Z=0.000), Max=(X=1300.000 Y=2300.000 Z=200.000) RuntimeGrid:None EditorOnly:0 RuntimeOnly:0 HLODRelevant:1 ListedInSceneOutliner:1 IsMainWorldOnly:0 FolderPath:Block01 FolderGuid:7D23E5AE4C2A421F86AF6986D87E6D05
 |   |   |- Guid:EC119CB8458CD4BE490449A1EDEB25A1 BaseClass: NativeClass:/Script/Engine.StaticMeshActor Name:StaticMeshActor_18 Label:SM_QuarterCylinder SpatiallyLoaded:1 Bounds:IsValid=true, Min=(X=2500.000 Y=2800.000 Z=0.000), Max=(X=2600.000 Y=2900.000 Z=200.000) RuntimeGrid:None EditorOnly:0 RuntimeOnly:0 HLODRelevant:1 ListedInSceneOutliner:1 IsMainWorldOnly:0 FolderPath:Block02 FolderGuid:EBA23F8248252949750E43911A3A1CDD
 |   |   |- Guid:EC7ED71C4F23BDD202494AAC11CE5258 BaseClass: NativeClass:/Script/Engine.StaticMeshActor Name:StaticMeshActor_19 Label:SM_QuarterCylinder2 SpatiallyLoaded:1 Bounds:IsValid=true, Min=(X=2500.000 Y=2600.000 Z=0.000), Max=(X=2600.000 Y=2700.000 Z=200.000) RuntimeGrid:None EditorOnly:0 RuntimeOnly:0 HLODRelevant:1 ListedInSceneOutliner:1 IsMainWorldOnly:0 FolderPath:Block02 FolderGuid:EBA23F8248252949750E43911A3A1CDD
 |   |   |- Guid:FADC5344420D3CE0DD4E7296236E1E70 BaseClass: NativeClass:/Script/Engine.StaticMeshActor Name:StaticMeshActor_11 Label:SM_ChamferCube3 SpatiallyLoaded:1 Bounds:IsValid=true, Min=(X=481.699 Y=2271.699 Z=0.013), Max=(X=618.301 Y=2408.301 Z=100.013) RuntimeGrid:None EditorOnly:0 RuntimeOnly:0 HLODRelevant:0 ListedInSceneOutliner:1 IsMainWorldOnly:0
 |   |   |- Guid:FF6D8E84426C8E8909C312B476652157 BaseClass: NativeClass:/Script/Engine.StaticMeshActor Name:StaticMeshActor_UAID_10FFE02FCD79F0BF02_1644131497 Label:Cube11 SpatiallyLoaded:1 Bounds:IsValid=true, Min=(X=703.430 Y=5622.185 Z=-3.788), Max=(X=790.788 Y=5698.084 Z=74.828) RuntimeGrid:None EditorOnly:0 RuntimeOnly:0 HLODRelevant:1 ListedInSceneOutliner:1 IsMainWorldOnly:0
 |   |   |- Guid:FFFF5B4D4CB33AA898E97FBB5D003F6E BaseClass: NativeClass:/Script/Engine.StaticMeshActor Name:StaticMeshActor_UAID_10FFE02FCD79F0BF02_1105113491 Label:Cube5 SpatiallyLoaded:1 Bounds:IsValid=true, Min=(X=278.792 Y=5743.856 Z=-19.860), Max=(X=495.796 Y=5849.938 Z=80.140) RuntimeGrid:None EditorOnly:0 RuntimeOnly:0 HLODRelevant:1 ListedInSceneOutliner:1 IsMainWorldOnly:0
 |   |- [+] Clusters:
 |   |   |- [+] [  0]
 |   |   |   |- Guid:006134F44F6A9BACE9863FB5889FC629 BaseClass: NativeClass:/Script/Engine.StaticMeshActor Name:StaticMeshActor_UAID_10FFE02FCD79F0BF02_1556510495 Label:Cube9 SpatiallyLoaded:1 Bounds:IsValid=true, Min=(X=-93.653 Y=5360.786 Z=106.006), Max=(X=-71.534 Y=5655.219 Z=298.154) RuntimeGrid:None EditorOnly:0 RuntimeOnly:0 HLODRelevant:1 ListedInSceneOutliner:1 IsMainWorldOnly:0
 |   |   |- [+] [  1]
 |   |   |   |- Guid:03A7537F449B104373DB86AB451F0A51 BaseClass: NativeClass:/Script/Engine.StaticMeshActor Name:StaticMeshActor_12 Label:SM_Cube8 SpatiallyLoaded:1 Bounds:IsValid=true, Min=(X=1300.000 Y=2600.000 Z=0.000), Max=(X=2500.000 Y=2900.000 Z=200.000) RuntimeGrid:None EditorOnly:0 RuntimeOnly:0 HLODRelevant:1 ListedInSceneOutliner:1 IsMainWorldOnly:0 FolderPath:Block02 FolderGuid:EBA23F8248252949750E43911A3A1CDD
 |   |   |- [+] [  2]
 |   |   |   |- Guid:0ABD3A6C45762CA990BA49B10E193AAA BaseClass: NativeClass:/Script/Engine.StaticMeshActor Name:StaticMeshActor_UAID_10FFE02FCD79ECBF02_1389227730 Label:SM_Cube17 SpatiallyLoaded:1 Bounds:IsValid=true, Min=(X=896.963 Y=3850.000 Z=0.000), Max=(X=996.963 Y=7150.000 Z=400.000) RuntimeGrid:None EditorOnly:0 RuntimeOnly:0 HLODRelevant:1 ListedInSceneOutliner:1 IsMainWorldOnly:0 FolderPath:Playground FolderGuid:C73F09FC4215536B1DCE2A9E0A830C70
 |   |   |- [+] [  3]
 |   |   |   |- Guid:0BCEA695470487A23F2A36BF2A88F6B4 BaseClass: NativeClass:/Script/Engine.SceneCaptureCube Name:SceneCaptureCube_UAID_10FFE02FCD7919BD02_1588154479 Label:SceneCaptureCube SpatiallyLoaded:1 Bounds:IsValid=true, Min=(X=870.000 Y=2530.000 Z=120.000), Max=(X=870.000 Y=2530.000 Z=120.000) RuntimeGrid:None EditorOnly:0 RuntimeOnly:0 HLODRelevant:0 ListedInSceneOutliner:1 IsMainWorldOnly:0
 |   |   |- [+] [  4]
 |   |   |   |- Guid:0C80ACD842798EFF98B3A08C81162AC7 BaseClass: NativeClass:/Script/Engine.StaticMeshActor Name:StaticMeshActor_13 Label:SM_Cube9 SpatiallyLoaded:1 Bounds:IsValid=true, Min=(X=1800.000 Y=1500.000 Z=0.000), Max=(X=2000.000 Y=2200.000 Z=100.000) RuntimeGrid:None EditorOnly:0 RuntimeOnly:0 HLODRelevant:1 ListedInSceneOutliner:1 IsMainWorldOnly:0 FolderPath:Block01 FolderGuid:7D23E5AE4C2A421F86AF6986D87E6D05
 |   |   |- [+] [  5]
 |   |   |   |- Guid:0CAEBF6B4BF07DDB36CDC18CF723E4A0 BaseClass: NativeClass:/Script/Engine.DirectionalLight Name:DirectionalLight_0 Label:DirectionalLight SpatiallyLoaded:0 Bounds:Invalid RuntimeGrid:None EditorOnly:0 RuntimeOnly:0 HLODRelevant:0 ListedInSceneOutliner:1 IsMainWorldOnly:0 FolderPath:Lighting FolderGuid:963EC3EB4002CCE9759E2EBA541A873A
 |   |   |- [+] [  6]
 |   |   |   |- Guid:0DD573BB4F5D42700050FCB1C6F6016E BaseClass: NativeClass:/Script/Engine.StaticMeshActor Name:StaticMeshActor_UAID_10FFE02FCD79EFBF02_2127754313 Label:Cube3 SpatiallyLoaded:1 Bounds:IsValid=true, Min=(X=-63.864 Y=5266.944 Z=-27.243), Max=(X=36.136 Y=5366.944 Z=72.757) RuntimeGrid:None EditorOnly:0 RuntimeOnly:0 HLODRelevant:1 ListedInSceneOutliner:1 IsMainWorldOnly:0
 |   |   |- [+] [  7]
 |   |   |   |- Guid:10990B2743AD9D4D4C53E587EF6D6285 BaseClass: NativeClass:/Script/Engine.PlayerStart Name:PlayerStart_0 Label:PlayerStart SpatiallyLoaded:0 Bounds:IsValid=true, Min=(X=759.380 Y=5390.759 Z=0.013), Max=(X=839.380 Y=5470.759 Z=184.013) RuntimeGrid:None EditorOnly:0 RuntimeOnly:0 HLODRelevant:0 ListedInSceneOutliner:1 IsMainWorldOnly:0
 |   |   |- [+] [  8]
 |   |   |   |- Guid:16869AEF4F919E842F540C94E7F43B17 BaseClass: NativeClass:/Script/Engine.StaticMeshActor Name:StaticMeshActor_16 Label:SM_Cube11 SpatiallyLoaded:1 Bounds:IsValid=true, Min=(X=400.000 Y=2600.000 Z=0.000), Max=(X=700.000 Y=2900.000 Z=200.000) RuntimeGrid:None EditorOnly:0 RuntimeOnly:0 HLODRelevant:1 ListedInSceneOutliner:1 IsMainWorldOnly:0 FolderPath:Block03 FolderGuid:7B7009C345D3D6DD94D3429E1D79C034
 |   |   |- [+] [  9]
 |   |   |   |- Guid:17754D8748824410914F63817EDC4593 BaseClass: NativeClass:/Script/Engine.StaticMeshActor Name:StaticMeshActor_22 Label:SM_QuarterCylinder4 SpatiallyLoaded:1 Bounds:IsValid=true, Min=(X=300.000 Y=2600.000 Z=0.000), Max=(X=400.000 Y=2700.000 Z=200.000) RuntimeGrid:None EditorOnly:0 RuntimeOnly:0 HLODRelevant:1 ListedInSceneOutliner:1 IsMainWorldOnly:0 FolderPath:Block03 FolderGuid:7B7009C345D3D6DD94D3429E1D79C034
 |   |   |- [+] [ 10]
 |   |   |   |- Guid:18B7F6DD49C81640671185B5DDB643F0 BaseClass: NativeClass:/Script/Engine.StaticMeshActor Name:StaticMeshActor_2 Label:SM_ChamferCube SpatiallyLoaded:1 Bounds:IsValid=true, Min=(X=1100.000 Y=2000.000 Z=0.013), Max=(X=1200.000 Y=2100.000 Z=100.013) RuntimeGrid:None EditorOnly:0 RuntimeOnly:0 HLODRelevant:0 ListedInSceneOutliner:1 IsMainWorldOnly:0
 |   |   |- [+] [ 11]
 |   |   |   |- Guid:1BD6DFA34286A35C8130369574A3E9F6 BaseClass: NativeClass:/Script/Engine.StaticMeshActor Name:StaticMeshActor_0 Label:SM_Cube5 SpatiallyLoaded:1 Bounds:IsValid=true, Min=(X=-0.000 Y=100.000 Z=0.000), Max=(X=100.000 Y=3400.000 Z=400.000) RuntimeGrid:None EditorOnly:0 RuntimeOnly:0 HLODRelevant:1 ListedInSceneOutliner:1 IsMainWorldOnly:0 FolderPath:Playground FolderGuid:C73F09FC4215536B1DCE2A9E0A830C70
 |   |   |- [+] [ 12]
 |   |   |   |- Guid:21DE482C4801279298DDD9A2EC7E49EC BaseClass: NativeClass:/Script/Engine.StaticMeshActor Name:StaticMeshActor_UAID_A4AE111137DC5EFB00_1110535423 Label:SM_SkySphere SpatiallyLoaded:0 Bounds:IsValid=true, Min=(X=-1638400.000 Y=-1638400.000 Z=-1638400.000), Max=(X=1638400.000 Y=1638400.000 Z=1638400.000) RuntimeGrid:None EditorOnly:0 RuntimeOnly:0 HLODRelevant:0 ListedInSceneOutliner:1 IsMainWorldOnly:0 FolderPath:Lighting FolderGuid:963EC3EB4002CCE9759E2EBA541A873A
 |   |   |- [+] [ 13]
 |   |   |   |- Guid:25A94B004E17F4288914B7A60466E101 BaseClass:/Game/cuadro3D/cambio_cuadro.cambio_cuadro_C NativeClass:/Script/Engine.Actor Name:cambio_cuadro_C_UAID_10FFE02FCD791ABD02_1600466658 Label:cambio_cuadro SpatiallyLoaded:1 Bounds:IsValid=true, Min=(X=800.000 Y=280.000 Z=26.000), Max=(X=1080.000 Y=700.000 Z=334.000) RuntimeGrid:None EditorOnly:0 RuntimeOnly:0 HLODRelevant:0 ListedInSceneOutliner:1 IsMainWorldOnly:0
 |   |   |- [+] [ 14]
 |   |   |   |- Guid:2CE42F1B4A313347AF365AA31678579F BaseClass: NativeClass:/Script/Engine.VolumetricCloud Name:VolumetricCloud_0 Label:VolumetricCloud SpatiallyLoaded:0 Bounds:IsValid=true, Min=(X=0.000 Y=0.000 Z=820.000), Max=(X=0.000 Y=0.000 Z=820.000) RuntimeGrid:None EditorOnly:0 RuntimeOnly:0 HLODRelevant:0 ListedInSceneOutliner:1 IsMainWorldOnly:0 FolderPath:Lighting FolderGuid:963EC3EB4002CCE9759E2EBA541A873A
 |   |   |- [+] [ 15]
 |   |   |   |- Guid:31F6482D452D4905CC46538FAD464B29 BaseClass: NativeClass:/Script/Engine.StaticMeshActor Name:StaticMeshActor_5 Label:SM_Cube2 SpatiallyLoaded:1 Bounds:IsValid=true, Min=(X=0.000 Y=0.000 Z=0.000), Max=(X=3000.000 Y=100.000 Z=400.000) RuntimeGrid:None EditorOnly:0 RuntimeOnly:0 HLODRelevant:1 ListedInSceneOutliner:1 IsMainWorldOnly:0 FolderPath:Playground FolderGuid:C73F09FC4215536B1DCE2A9E0A830C70
 |   |   |- [+] [ 16]
 |   |   |   |- Guid:3812BDF740ACD5F7FFD7AC9266DA47E8 BaseClass: NativeClass:/Script/Engine.StaticMeshActor Name:StaticMeshActor_20 Label:SM_Cube12 SpatiallyLoaded:1 Bounds:IsValid=true, Min=(X=2500.000 Y=2700.000 Z=0.000), Max=(X=2600.000 Y=2800.000 Z=200.000) RuntimeGrid:None EditorOnly:0 RuntimeOnly:0 HLODRelevant:1 ListedInSceneOutliner:1 IsMainWorldOnly:0 FolderPath:Block02 FolderGuid:EBA23F8248252949750E43911A3A1CDD
 |   |   |- [+] [ 17]
 |   |   |   |- Guid:3DEAD8EB468AAFA98E72B58C9C791D67 BaseClass: NativeClass:/Script/Engine.StaticMeshActor Name:StaticMeshActor_14 Label:SM_Ramp3 SpatiallyLoaded:1 Bounds:IsValid=true, Min=(X=1800.000 Y=1700.000 Z=100.000), Max=(X=2000.000 Y=2100.000 Z=200.000) RuntimeGrid:None EditorOnly:0 RuntimeOnly:0 HLODRelevant:1 ListedInSceneOutliner:1 IsMainWorldOnly:0 FolderPath:Block01 FolderGuid:7D23E5AE4C2A421F86AF6986D87E6D05
 |   |   |- [+] [ 18]
 |   |   |   |- Guid:400A0D6948A5DD916351648FEAEBA446 BaseClass: NativeClass:/Script/Engine.SkyAtmosphere Name:SkyAtmosphere_0 Label:SkyAtmosphere SpatiallyLoaded:0 Bounds:IsValid=true, Min=(X=0.000 Y=0.000 Z=1020.000), Max=(X=0.000 Y=0.000 Z=1020.000) RuntimeGrid:None EditorOnly:0 RuntimeOnly:0 HLODRelevant:0 ListedInSceneOutliner:1 IsMainWorldOnly:0 FolderPath:Lighting FolderGuid:963EC3EB4002CCE9759E2EBA541A873A
 |   |   |- [+] [ 19]
 |   |   |   |- Guid:44DD138E4DF1EECEBDC64E9F8F31EC43 BaseClass: NativeClass:/Script/Engine.StaticMeshActor Name:StaticMeshActor_10 Label:SM_ChamferCube2 SpatiallyLoaded:1 Bounds:IsValid=true, Min=(X=992.077 Y=2692.077 Z=0.013), Max=(X=1107.923 Y=2807.923 Z=100.013) RuntimeGrid:None EditorOnly:0 RuntimeOnly:0 HLODRelevant:0 ListedInSceneOutliner:1 IsMainWorldOnly:0
 |   |   |- [+] [ 20]
 |   |   |   |- Guid:4F67D2AA4EF4694BA62E2BB20CCB91D9 BaseClass: NativeClass:/Script/Engine.ExponentialHeightFog Name:ExponentialHeightFog_0 Label:ExponentialHeightFog SpatiallyLoaded:0 Bounds:IsValid=true, Min=(X=-5600.000 Y=-50.000 Z=-6850.000), Max=(X=-5600.000 Y=-50.000 Z=-6850.000) RuntimeGrid:None EditorOnly:0 RuntimeOnly:0 HLODRelevant:0 ListedInSceneOutliner:1 IsMainWorldOnly:0 FolderPath:Lighting FolderGuid:963EC3EB4002CCE9759E2EBA541A873A
 |   |   |- [+] [ 21]
 |   |   |   |- Guid:5410DE004613118D1B20EAB9B5BD90F5 BaseClass: NativeClass:/Script/Engine.StaticMeshActor Name:StaticMeshActor_UAID_10FFE02FCD79EEBF02_1823778102 Label:SM_Cube18 SpatiallyLoaded:1 Bounds:IsValid=true, Min=(X=-278.137 Y=5851.096 Z=-275.134), Max=(X=1176.315 Y=5951.096 Z=398.593) RuntimeGrid:None EditorOnly:0 RuntimeOnly:0 HLODRelevant:1 ListedInSceneOutliner:1 IsMainWorldOnly:0 FolderPath:Playground FolderGuid:C73F09FC4215536B1DCE2A9E0A830C70
 |   |   |- [+] [ 22]
 |   |   |   |- Guid:595FF124438E64BBE457418852297A1C BaseClass: NativeClass:/Script/Engine.StaticMeshActor Name:StaticMeshActor_34 Label:SM_QuarterCylinder13 SpatiallyLoaded:1 Bounds:IsValid=true, Min=(X=2000.000 Y=500.000 Z=0.000), Max=(X=2200.000 Y=700.000 Z=100.000) RuntimeGrid:None EditorOnly:0 RuntimeOnly:0 HLODRelevant:1 ListedInSceneOutliner:1 IsMainWorldOnly:0 FolderPath:Cylinder FolderGuid:D075E5BA49330D3EC2503D81A7CF88D1
 |   |   |- [+] [ 23]
 |   |   |   |- Guid:59CDCFA9456072C09B26B6AFB40E942E BaseClass: NativeClass:/Script/Engine.StaticMeshActor Name:StaticMeshActor_UAID_10FFE02FCD79F0BF02_1180694493 Label:Cube7 SpatiallyLoaded:1 Bounds:IsValid=true, Min=(X=-44.751 Y=5147.022 Z=114.395), Max=(X=95.559 Y=5169.141 Z=306.543) RuntimeGrid:None EditorOnly:0 RuntimeOnly:0 HLODRelevant:1 ListedInSceneOutliner:1 IsMainWorldOnly:0
 |   |   |- [+] [ 24]
 |   |   |   |- Guid:5EC46A334E2B86669F36E2933904D3FB BaseClass: NativeClass:/Script/Engine.WorldDataLayers Name:WorldDataLayers Label:WorldDataLayers SpatiallyLoaded:0 Bounds:Invalid RuntimeGrid:None EditorOnly:0 RuntimeOnly:0 HLODRelevant:0 ListedInSceneOutliner:1 IsMainWorldOnly:1
 |   |   |- [+] [ 25]
 |   |   |   |- Guid:65701BB844FCE9FF47A488ACD8340D0F BaseClass: NativeClass:/Script/Engine.StaticMeshActor Name:StaticMeshActor_35 Label:SM_QuarterCylinder14 SpatiallyLoaded:1 Bounds:IsValid=true, Min=(X=2200.000 Y=500.000 Z=0.000), Max=(X=2400.000 Y=700.000 Z=100.000) RuntimeGrid:None EditorOnly:0 RuntimeOnly:0 HLODRelevant:1 ListedInSceneOutliner:1 IsMainWorldOnly:0 FolderPath:Cylinder FolderGuid:D075E5BA49330D3EC2503D81A7CF88D1
 |   |   |- [+] [ 26]
 |   |   |   |- Guid:6A2DC63D4A2FEEF377121DB8A9701C1C BaseClass: NativeClass:/Script/Engine.StaticMeshActor Name:StaticMeshActor_UAID_10FFE02FCD79F0BF02_1211643494 Label:Cube8 SpatiallyLoaded:1 Bounds:IsValid=true, Min=(X=-85.304 Y=5184.294 Z=114.395), Max=(X=-63.186 Y=5324.603 Z=306.543) RuntimeGrid:None EditorOnly:0 RuntimeOnly:0 HLODRelevant:1 ListedInSceneOutliner:1 IsMainWorldOnly:0
 |   |   |- [+] [ 27]
 |   |   |   |- Guid:6B13662E42A91B2D8D7B69AC1F64B7D1 BaseClass: NativeClass:/Script/Engine.SkyLight Name:SkyLight_1 Label:SkyLight SpatiallyLoaded:0 Bounds:IsValid=true, Min=(X=0.000 Y=0.000 Z=690.000), Max=(X=0.000 Y=0.000 Z=690.000) RuntimeGrid:None EditorOnly:0 RuntimeOnly:0 HLODRelevant:0 ListedInSceneOutliner:1 IsMainWorldOnly:0 FolderPath:Lighting FolderGuid:963EC3EB4002CCE9759E2EBA541A873A
 |   |   |- [+] [ 28]
 |   |   |   |- Guid:6C20A3274BF8679ADF08C9AAFE2AE087 BaseClass: NativeClass:/Script/Engine.StaticMeshActor Name:StaticMeshActor_9 Label:SM_Ramp2 SpatiallyLoaded:1 Bounds:IsValid=true, Min=(X=1400.000 Y=1500.000 Z=0.000), Max=(X=1800.000 Y=1700.000 Z=100.000) RuntimeGrid:None EditorOnly:0 RuntimeOnly:0 HLODRelevant:1 ListedInSceneOutliner:1 IsMainWorldOnly:0 FolderPath:Block01 FolderGuid:7D23E5AE4C2A421F86AF6986D87E6D05
 |   |   |- [+] [ 29]
 |   |   |   |- Guid:6E000EE048AAE3CBFCDFD78562F129F2 BaseClass: NativeClass:/Script/Engine.StaticMeshActor Name:StaticMeshActor_UAID_10FFE02FCD79ECBF02_1360267727 Label:SM_Cube14 SpatiallyLoaded:1 Bounds:IsValid=true, Min=(X=-301.766 Y=3750.000 Z=-50.000), Max=(X=1044.487 Y=7250.000 Z=0.000) RuntimeGrid:None EditorOnly:0 RuntimeOnly:0 HLODRelevant:1 ListedInSceneOutliner:1 IsMainWorldOnly:0 FolderPath:Playground FolderGuid:C73F09FC4215536B1DCE2A9E0A830C70
 |   |   |- [+] [ 30]
 |   |   |   |- Guid:74E46ED943A8E07E6012BAB462AA944A BaseClass: NativeClass:/Script/Engine.StaticMeshActor Name:StaticMeshActor_24 Label:SM_Cube13 SpatiallyLoaded:1 Bounds:IsValid=true, Min=(X=300.000 Y=2700.000 Z=0.000), Max=(X=400.000 Y=2800.000 Z=200.000) RuntimeGrid:None EditorOnly:0 RuntimeOnly:0 HLODRelevant:1 ListedInSceneOutliner:1 IsMainWorldOnly:0 FolderPath:Block03 FolderGuid:7B7009C345D3D6DD94D3429E1D79C034
 |   |   |- [+] [ 31]
 |   |   |   |- Guid:77D3D4AD4A8F76C13E9FBAB65B0916D8 BaseClass: NativeClass:/Script/Engine.StaticMeshActor Name:StaticMeshActor_UAID_10FFE02FCD79EEBF02_2081350106 Label:Cube2 SpatiallyLoaded:1 Bounds:IsValid=true, Min=(X=886.149 Y=5383.412 Z=-16.345), Max=(X=915.543 Y=5529.728 Z=277.535) RuntimeGrid:None EditorOnly:0 RuntimeOnly:0 HLODRelevant:1 ListedInSceneOutliner:1 IsMainWorldOnly:0
 |   |   |- [+] [ 32]
 |   |   |   |- Guid:7EED11EE46B8F98F78FEC1A1D436B274 BaseClass: NativeClass:/Script/Engine.PostProcessVolume Name:PostProcessVolume_0 Label:PostProcessVolume SpatiallyLoaded:0 Bounds:IsValid=true, Min=(X=0.000 Y=0.000 Z=400.000), Max=(X=200.000 Y=200.000 Z=600.000) RuntimeGrid:None EditorOnly:0 RuntimeOnly:0 HLODRelevant:0 ListedInSceneOutliner:1 IsMainWorldOnly:0 FolderPath:Lighting FolderGuid:963EC3EB4002CCE9759E2EBA541A873A
 |   |   |- [+] [ 33]
 |   |   |   |- Guid:910A6D364C5EE3BA27F68E9A736F3F5D BaseClass: NativeClass:/Script/Engine.StaticMeshActor Name:StaticMeshActor_32 Label:SM_QuarterCylinder11 SpatiallyLoaded:1 Bounds:IsValid=true, Min=(X=2200.000 Y=700.000 Z=-0.000), Max=(X=2400.000 Y=900.000 Z=100.000) RuntimeGrid:None EditorOnly:0 RuntimeOnly:0 HLODRelevant:1 ListedInSceneOutliner:1 IsMainWorldOnly:0 FolderPath:Cylinder FolderGuid:D075E5BA49330D3EC2503D81A7CF88D1
 |   |   |- [+] [ 34]
 |   |   |   |- Guid:9425D5624F7842F20742D2946BAC601C BaseClass: NativeClass:/Script/Engine.StaticMeshActor Name:StaticMeshActor_UAID_10FFE02FCD79EFBF02_2137341314 Label:Cube4 SpatiallyLoaded:1 Bounds:IsValid=true, Min=(X=-62.784 Y=5645.070 Z=-27.243), Max=(X=37.216 Y=5745.070 Z=72.757) RuntimeGrid:None EditorOnly:0 RuntimeOnly:0 HLODRelevant:1 ListedInSceneOutliner:1 IsMainWorldOnly:0
 |   |   |- [+] [ 35]
 |   |   |   |- Guid:9489A2904D9EE829618D26A5AD035D7E BaseClass: NativeClass:/Script/Engine.StaticMeshActor Name:StaticMeshActor_33 Label:SM_QuarterCylinder12 SpatiallyLoaded:1 Bounds:IsValid=true, Min=(X=2000.000 Y=700.000 Z=0.000), Max=(X=2200.000 Y=900.000 Z=100.000) RuntimeGrid:None EditorOnly:0 RuntimeOnly:0 HLODRelevant:1 ListedInSceneOutliner:1 IsMainWorldOnly:0 FolderPath:Cylinder FolderGuid:D075E5BA49330D3EC2503D81A7CF88D1
 |   |   |- [+] [ 36]
 |   |   |   |- Guid:A0C6C89045DF393FDC0E0B91599FEC4E BaseClass: NativeClass:/Script/Engine.StaticMeshActor Name:StaticMeshActor_6 Label:SM_Cube3 SpatiallyLoaded:1 Bounds:IsValid=true, Min=(X=0.000 Y=3400.000 Z=0.000), Max=(X=3000.000 Y=3500.000 Z=400.000) RuntimeGrid:None EditorOnly:0 RuntimeOnly:0 HLODRelevant:1 ListedInSceneOutliner:1 IsMainWorldOnly:0 FolderPath:Playground FolderGuid:C73F09FC4215536B1DCE2A9E0A830C70
 |   |   |- [+] [ 37]
 |   |   |   |- Guid:A4ACA2D0461675141CDC9B975D79D42A BaseClass: NativeClass:/Script/Engine.StaticMeshActor Name:StaticMeshActor_4 Label:SM_Cube6 SpatiallyLoaded:1 Bounds:IsValid=true, Min=(X=2900.000 Y=100.000 Z=0.000), Max=(X=3000.000 Y=3400.000 Z=400.000) RuntimeGrid:None EditorOnly:0 RuntimeOnly:0 HLODRelevant:1 ListedInSceneOutliner:1 IsMainWorldOnly:0 FolderPath:Playground FolderGuid:C73F09FC4215536B1DCE2A9E0A830C70
 |   |   |- [+] [ 38]
 |   |   |   |- Guid:A6687765442B8DA96B8ADAAD1BDD56DE BaseClass: NativeClass:/Script/Engine.StaticMeshActor Name:StaticMeshActor_23 Label:SM_QuarterCylinder5 SpatiallyLoaded:1 Bounds:IsValid=true, Min=(X=300.000 Y=2800.000 Z=0.000), Max=(X=400.000 Y=2900.000 Z=200.000) RuntimeGrid:None EditorOnly:0 RuntimeOnly:0 HLODRelevant:1 ListedInSceneOutliner:1 IsMainWorldOnly:0 FolderPath:Block03 FolderGuid:7B7009C345D3D6DD94D3429E1D79C034
 |   |   |- [+] [ 39]
 |   |   |   |- Guid:AEDE6B1F487C85983937359F9512A926 BaseClass: NativeClass:/Script/Engine.StaticMeshActor Name:StaticMeshActor_7 Label:SM_Cube7 SpatiallyLoaded:1 Bounds:IsValid=true, Min=(X=1300.000 Y=2200.000 Z=0.000), Max=(X=1500.000 Y=2300.000 Z=200.000) RuntimeGrid:None EditorOnly:0 RuntimeOnly:0 HLODRelevant:1 ListedInSceneOutliner:1 IsMainWorldOnly:0 FolderPath:Block01 FolderGuid:7D23E5AE4C2A421F86AF6986D87E6D05
 |   |   |- [+] [ 40]
 |   |   |   |- Guid:B482FEA348A61021B1E857AFDE2CA089 BaseClass: NativeClass:/Script/Engine.StaticMeshActor Name:StaticMeshActor_UAID_10FFE02FCD79F0BF02_1147172492 Label:Cube6 SpatiallyLoaded:1 Bounds:IsValid=true, Min=(X=298.991 Y=5141.444 Z=-8.279), Max=(X=515.996 Y=5215.749 Z=293.275) RuntimeGrid:None EditorOnly:0 RuntimeOnly:0 HLODRelevant:1 ListedInSceneOutliner:1 IsMainWorldOnly:0
 |   |   |- [+] [ 41]
 |   |   |   |- Guid:B71716F84C32AE96F07AD29915A28095 BaseClass: NativeClass:/Script/Engine.StaticMeshActor Name:StaticMeshActor_3 Label:SM_Ramp SpatiallyLoaded:1 Bounds:IsValid=true, Min=(X=1300.000 Y=600.000 Z=0.000), Max=(X=1700.000 Y=800.000 Z=30.000) RuntimeGrid:None EditorOnly:0 RuntimeOnly:0 HLODRelevant:1 ListedInSceneOutliner:1 IsMainWorldOnly:0
 |   |   |- [+] [ 42]
 |   |   |   |- Guid:BE2227F84B4F6F25AD8B10BF0B25DEF4 BaseClass: NativeClass:/Script/Engine.StaticMeshActor Name:StaticMeshActor_1 Label:SM_Cube SpatiallyLoaded:1 Bounds:IsValid=true, Min=(X=0.000 Y=0.000 Z=-50.000), Max=(X=3000.000 Y=3500.000 Z=0.000) RuntimeGrid:None EditorOnly:0 RuntimeOnly:0 HLODRelevant:1 ListedInSceneOutliner:1 IsMainWorldOnly:0 FolderPath:Playground FolderGuid:C73F09FC4215536B1DCE2A9E0A830C70
 |   |   |- [+] [ 43]
 |   |   |   |- Guid:BE2466E44A038B2D2BA5E8B338378F75 BaseClass: NativeClass:/Script/Engine.StaticMeshActor Name:StaticMeshActor_21 Label:SM_QuarterCylinder3 SpatiallyLoaded:1 Bounds:IsValid=true, Min=(X=1500.000 Y=2200.000 Z=0.000), Max=(X=1600.000 Y=2300.000 Z=200.000) RuntimeGrid:None EditorOnly:0 RuntimeOnly:0 HLODRelevant:1 ListedInSceneOutliner:1 IsMainWorldOnly:0 FolderPath:Block01 FolderGuid:7D23E5AE4C2A421F86AF6986D87E6D05
 |   |   |- [+] [ 44]
 |   |   |   |- Guid:BE4969094AC08F4FC88C2491DDB0CDBF BaseClass: NativeClass:/Script/Engine.StaticMeshActor Name:StaticMeshActor_8 Label:SM_Cube4 SpatiallyLoaded:1 Bounds:IsValid=true, Min=(X=1200.000 Y=1700.000 Z=0.000), Max=(X=1800.000 Y=2200.000 Z=200.000) RuntimeGrid:None EditorOnly:0 RuntimeOnly:0 HLODRelevant:1 ListedInSceneOutliner:1 IsMainWorldOnly:0 FolderPath:Block01 FolderGuid:7D23E5AE4C2A421F86AF6986D87E6D05
 |   |   |- [+] [ 45]
 |   |   |   |- Guid:C7A3A0FC4DEE86F4CF6BE1A50538CBA9 BaseClass: NativeClass:/Script/Engine.StaticMeshActor Name:StaticMeshActor_UAID_10FFE02FCD79ECBF02_1366623728 Label:SM_Cube15 SpatiallyLoaded:1 Bounds:IsValid=true, Min=(X=-175.542 Y=4259.335 Z=-0.000), Max=(X=-75.542 Y=6560.527 Z=400.000) RuntimeGrid:None EditorOnly:0 RuntimeOnly:0 HLODRelevant:1 ListedInSceneOutliner:1 IsMainWorldOnly:0 FolderPath:Playground FolderGuid:C73F09FC4215536B1DCE2A9E0A830C70
 |   |   |- [+] [ 46]
 |   |   |   |- Guid:CC1ECAB3431D8EDA7CFE5684958A463E BaseClass: NativeClass:/Script/Engine.StaticMeshActor Name:StaticMeshActor_UAID_10FFE02FCD79ECBF02_1379006729 Label:SM_Cube16 SpatiallyLoaded:1 Bounds:IsValid=true, Min=(X=-276.227 Y=5058.836 Z=0.000), Max=(X=1024.587 Y=5158.836 Z=400.000) RuntimeGrid:None EditorOnly:0 RuntimeOnly:0 HLODRelevant:1 ListedInSceneOutliner:1 IsMainWorldOnly:0 FolderPath:Playground FolderGuid:C73F09FC4215536B1DCE2A9E0A830C70
 |   |   |- [+] [ 47]
 |   |   |   |- Guid:CD9D6845485455B10FE7A88A42497386 BaseClass: NativeClass:/Script/Engine.StaticMeshActor Name:StaticMeshActor_15 Label:SM_Cube10 SpatiallyLoaded:1 Bounds:IsValid=true, Min=(X=1800.000 Y=2100.000 Z=100.000), Max=(X=2000.000 Y=2200.000 Z=200.000) RuntimeGrid:None EditorOnly:0 RuntimeOnly:0 HLODRelevant:1 ListedInSceneOutliner:1 IsMainWorldOnly:0 FolderPath:Block01 FolderGuid:7D23E5AE4C2A421F86AF6986D87E6D05
 |   |   |- [+] [ 48]
 |   |   |   |- Guid:E244192A430E6FE02566028C3A1F1072 BaseClass: NativeClass:/Script/Engine.SceneCaptureCube Name:SceneCaptureCube_UAID_10FFE02FCD791ABD02_1293076657 Label:SceneCaptureCube2 SpatiallyLoaded:1 Bounds:IsValid=true, Min=(X=2190.000 Y=1440.000 Z=60.000), Max=(X=2190.000 Y=1440.000 Z=60.000) RuntimeGrid:None EditorOnly:0 RuntimeOnly:0 HLODRelevant:0 ListedInSceneOutliner:1 IsMainWorldOnly:0
 |   |   |- [+] [ 49]
 |   |   |   |- Guid:E42965AE4B2CF74A0A315E964A1C0A2C BaseClass: NativeClass:/Script/Engine.StaticMeshActor Name:StaticMeshActor_UAID_10FFE02FCD79EFBF02_2092369312 Label:Cube SpatiallyLoaded:1 Bounds:IsValid=true, Min=(X=-82.440 Y=5393.125 Z=-8.586), Max=(X=234.295 Y=5614.314 Z=71.997) RuntimeGrid:None EditorOnly:0 RuntimeOnly:0 HLODRelevant:1 ListedInSceneOutliner:1 IsMainWorldOnly:0
 |   |   |- [+] [ 50]
 |   |   |   |- Guid:E8306F6E461AF6D005F0AD8C82A568C6 BaseClass: NativeClass:/Script/Engine.StaticMeshActor Name:StaticMeshActor_UAID_10FFE02FCD79F0BF02_1627068496 Label:Cube10 SpatiallyLoaded:1 Bounds:IsValid=true, Min=(X=638.607 Y=5708.792 Z=-17.120), Max=(X=855.612 Y=5858.757 Z=119.894) RuntimeGrid:None EditorOnly:0 RuntimeOnly:0 HLODRelevant:1 ListedInSceneOutliner:1 IsMainWorldOnly:0
 |   |   |- [+] [ 51]
 |   |   |   |- Guid:E95354B746F3447D15CA2BA4CE1B4A84 BaseClass: NativeClass:/Script/Engine.StaticMeshActor Name:StaticMeshActor_25 Label:SM_QuarterCylinder6 SpatiallyLoaded:1 Bounds:IsValid=true, Min=(X=1200.000 Y=2200.000 Z=0.000), Max=(X=1300.000 Y=2300.000 Z=200.000) RuntimeGrid:None EditorOnly:0 RuntimeOnly:0 HLODRelevant:1 ListedInSceneOutliner:1 IsMainWorldOnly:0 FolderPath:Block01 FolderGuid:7D23E5AE4C2A421F86AF6986D87E6D05
 |   |   |- [+] [ 52]
 |   |   |   |- Guid:EC119CB8458CD4BE490449A1EDEB25A1 BaseClass: NativeClass:/Script/Engine.StaticMeshActor Name:StaticMeshActor_18 Label:SM_QuarterCylinder SpatiallyLoaded:1 Bounds:IsValid=true, Min=(X=2500.000 Y=2800.000 Z=0.000), Max=(X=2600.000 Y=2900.000 Z=200.000) RuntimeGrid:None EditorOnly:0 RuntimeOnly:0 HLODRelevant:1 ListedInSceneOutliner:1 IsMainWorldOnly:0 FolderPath:Block02 FolderGuid:EBA23F8248252949750E43911A3A1CDD
 |   |   |- [+] [ 53]
 |   |   |   |- Guid:EC7ED71C4F23BDD202494AAC11CE5258 BaseClass: NativeClass:/Script/Engine.StaticMeshActor Name:StaticMeshActor_19 Label:SM_QuarterCylinder2 SpatiallyLoaded:1 Bounds:IsValid=true, Min=(X=2500.000 Y=2600.000 Z=0.000), Max=(X=2600.000 Y=2700.000 Z=200.000) RuntimeGrid:None EditorOnly:0 RuntimeOnly:0 HLODRelevant:1 ListedInSceneOutliner:1 IsMainWorldOnly:0 FolderPath:Block02 FolderGuid:EBA23F8248252949750E43911A3A1CDD
 |   |   |- [+] [ 54]
 |   |   |   |- Guid:FADC5344420D3CE0DD4E7296236E1E70 BaseClass: NativeClass:/Script/Engine.StaticMeshActor Name:StaticMeshActor_11 Label:SM_ChamferCube3 SpatiallyLoaded:1 Bounds:IsValid=true, Min=(X=481.699 Y=2271.699 Z=0.013), Max=(X=618.301 Y=2408.301 Z=100.013) RuntimeGrid:None EditorOnly:0 RuntimeOnly:0 HLODRelevant:0 ListedInSceneOutliner:1 IsMainWorldOnly:0
 |   |   |- [+] [ 55]
 |   |   |   |- Guid:FF6D8E84426C8E8909C312B476652157 BaseClass: NativeClass:/Script/Engine.StaticMeshActor Name:StaticMeshActor_UAID_10FFE02FCD79F0BF02_1644131497 Label:Cube11 SpatiallyLoaded:1 Bounds:IsValid=true, Min=(X=703.430 Y=5622.185 Z=-3.788), Max=(X=790.788 Y=5698.084 Z=74.828) RuntimeGrid:None EditorOnly:0 RuntimeOnly:0 HLODRelevant:1 ListedInSceneOutliner:1 IsMainWorldOnly:0
 |   |   |- [+] [ 56]
 |   |   |   |- Guid:FFFF5B4D4CB33AA898E97FBB5D003F6E BaseClass: NativeClass:/Script/Engine.StaticMeshActor Name:StaticMeshActor_UAID_10FFE02FCD79F0BF02_1105113491 Label:Cube5 SpatiallyLoaded:1 Bounds:IsValid=true, Min=(X=278.792 Y=5743.856 Z=-19.860), Max=(X=495.796 Y=5849.938 Z=80.140) RuntimeGrid:None EditorOnly:0 RuntimeOnly:0 HLODRelevant:1 ListedInSceneOutliner:1 IsMainWorldOnly:0
 |- ContainerInstances:
 |- [+] MainContainer:
 |   |-        ID: 00000000000000000000000000000000
 |   |-  ParentID: 00000000000000000000000000000000
 |   |-    Bounds: IsValid=false, Min=(X=0.000 Y=0.000 Z=0.000), Max=(X=0.000 Y=0.000 Z=0.000)
 |   |- Transform: 0.000000,0.000000,0.000000|0.000000,0.000000,-0.000000|1.000000,1.000000,1.000000
 |   |- Container: /Game/nivel_01
----------------------------------------------------------------------------------------------------------------
nivel_01 - Persistent Level
----------------------------------------------------------------------------------------------------------------
[+] Content of nivel_01 Persistent Level
 |- Always loaded Actor Count: 57 
 |- Actor Path: /Game/nivel_01.nivel_01:PersistentLevel.cambio_cuadro_C_UAID_10FFE02FCD791ABD02_1600466658
 |- Actor Package: /Game/__ExternalActors__/nivel_01/B/B9/AMI6J3BFJK827S87K6UER1
 |- Actor Path: /Game/nivel_01.nivel_01:PersistentLevel.DirectionalLight_0
 |- Actor Package: /Game/__ExternalActors__/nivel_01/5/7R/ZM5BLILBE9E1GITVC428FH
 |- Actor Path: /Game/nivel_01.nivel_01:PersistentLevel.ExponentialHeightFog_0
 |- Actor Package: /Game/__ExternalActors__/nivel_01/4/ZF/918AYV60H2VF6SB3O98NQD
 |- Actor Path: /Game/nivel_01.nivel_01:PersistentLevel.PlayerStart_0
 |- Actor Package: /Game/__ExternalActors__/nivel_01/B/AQ/1GTZ9LM7DMQDMPNGBA26OV
 |- Actor Path: /Game/nivel_01.nivel_01:PersistentLevel.PostProcessVolume_0
 |- Actor Package: /Game/__ExternalActors__/nivel_01/1/NU/QV0WUSG53PECNAHSL5JJ1F
 |- Actor Path: /Game/nivel_01.nivel_01:PersistentLevel.SceneCaptureCube_UAID_10FFE02FCD7919BD02_1588154479
 |- Actor Package: /Game/__ExternalActors__/nivel_01/6/U9/UITB591R05UIOBAXYJXL1F
 |- Actor Path: /Game/nivel_01.nivel_01:PersistentLevel.SceneCaptureCube_UAID_10FFE02FCD791ABD02_1293076657
 |- Actor Package: /Game/__ExternalActors__/nivel_01/A/2K/LSJ5SHS9SVVN9JAJVSNGBR
 |- Actor Path: /Game/nivel_01.nivel_01:PersistentLevel.SkyAtmosphere_0
 |- Actor Package: /Game/__ExternalActors__/nivel_01/F/0B/P9IBJLS0BV6J5FY1UX1DEI
 |- Actor Path: /Game/nivel_01.nivel_01:PersistentLevel.SkyLight_1
 |- Actor Package: /Game/__ExternalActors__/nivel_01/8/Z0/FY5A0W9C2EBXT4B31Q9P9H
 |- Actor Path: /Game/nivel_01.nivel_01:PersistentLevel.StaticMeshActor_0
 |- Actor Package: /Game/__ExternalActors__/nivel_01/8/JM/AA6H8FQ8LSP61JR5D0ULID
 |- Actor Path: /Game/nivel_01.nivel_01:PersistentLevel.StaticMeshActor_1
 |- Actor Package: /Game/__ExternalActors__/nivel_01/7/CN/0SG96N0SMRF7IK7H57VOT5
 |- Actor Path: /Game/nivel_01.nivel_01:PersistentLevel.StaticMeshActor_10
 |- Actor Package: /Game/__ExternalActors__/nivel_01/E/JA/FYUOTU64ITPUB1AMD6VREW
 |- Actor Path: /Game/nivel_01.nivel_01:PersistentLevel.StaticMeshActor_11
 |- Actor Package: /Game/__ExternalActors__/nivel_01/C/A1/O770GG2QHSGPEBLWVYKX3T
 |- Actor Path: /Game/nivel_01.nivel_01:PersistentLevel.StaticMeshActor_12
 |- Actor Package: /Game/__ExternalActors__/nivel_01/7/XZ/RJ7L0ZMTGNFPOVPZN0KKAP
 |- Actor Path: /Game/nivel_01.nivel_01:PersistentLevel.StaticMeshActor_13
 |- Actor Package: /Game/__ExternalActors__/nivel_01/6/M6/GG8MSWPU96H6WCDR3RD9VA
 |- Actor Path: /Game/nivel_01.nivel_01:PersistentLevel.StaticMeshActor_14
 |- Actor Package: /Game/__ExternalActors__/nivel_01/1/O2/LS9YFKT1Q30E6HDEF7T1A7
 |- Actor Path: /Game/nivel_01.nivel_01:PersistentLevel.StaticMeshActor_15
 |- Actor Package: /Game/__ExternalActors__/nivel_01/5/N5/D46H8ZY1B8CO3JWGJXRYFG
 |- Actor Path: /Game/nivel_01.nivel_01:PersistentLevel.StaticMeshActor_16
 |- Actor Package: /Game/__ExternalActors__/nivel_01/8/W6/S5FGBG6LZ672HIQCEUC7F2
 |- Actor Path: /Game/nivel_01.nivel_01:PersistentLevel.StaticMeshActor_18
 |- Actor Package: /Game/__ExternalActors__/nivel_01/7/SH/3CXV4IMRK8DWROJHEBXO0H
 |- Actor Path: /Game/nivel_01.nivel_01:PersistentLevel.StaticMeshActor_19
 |- Actor Package: /Game/__ExternalActors__/nivel_01/C/0F/8AH8JI73REKYHEIIJMVOYE
 |- Actor Path: /Game/nivel_01.nivel_01:PersistentLevel.StaticMeshActor_2
 |- Actor Package: /Game/__ExternalActors__/nivel_01/6/7F/PCVYA37WXJEBIQ9JOAX8I5
 |- Actor Path: /Game/nivel_01.nivel_01:PersistentLevel.StaticMeshActor_20
 |- Actor Package: /Game/__ExternalActors__/nivel_01/9/PS/N24CPPIJ7O7FE2W3ICZSWI
 |- Actor Path: /Game/nivel_01.nivel_01:PersistentLevel.StaticMeshActor_21
 |- Actor Package: /Game/__ExternalActors__/nivel_01/8/G0/SM58Q8RWXUTA721O1NAP6O
 |- Actor Path: /Game/nivel_01.nivel_01:PersistentLevel.StaticMeshActor_22
 |- Actor Package: /Game/__ExternalActors__/nivel_01/A/MP/73GTP1K9C5H13O3MGQGN05
 |- Actor Path: /Game/nivel_01.nivel_01:PersistentLevel.StaticMeshActor_23
 |- Actor Package: /Game/__ExternalActors__/nivel_01/6/JP/A3MPMN13HL72H9XZ3YY1HL
 |- Actor Path: /Game/nivel_01.nivel_01:PersistentLevel.StaticMeshActor_24
 |- Actor Package: /Game/__ExternalActors__/nivel_01/A/OQ/E5VJ66FZM4HUCWUJO9CGRH
 |- Actor Path: /Game/nivel_01.nivel_01:PersistentLevel.StaticMeshActor_25
 |- Actor Package: /Game/__ExternalActors__/nivel_01/7/F1/VRBQWDQNWJ4IPNX3Q9MY9M
 |- Actor Path: /Game/nivel_01.nivel_01:PersistentLevel.StaticMeshActor_3
 |- Actor Package: /Game/__ExternalActors__/nivel_01/4/N5/IQ84E3AVXYYD6IFWGJNUWO
 |- Actor Path: /Game/nivel_01.nivel_01:PersistentLevel.StaticMeshActor_32
 |- Actor Package: /Game/__ExternalActors__/nivel_01/A/D4/VJKMG2NUXJ0EC1A9436TBF
 |- Actor Path: /Game/nivel_01.nivel_01:PersistentLevel.StaticMeshActor_33
 |- Actor Package: /Game/__ExternalActors__/nivel_01/B/XT/3CR32RS9R5WW5XH5RKKGZK
 |- Actor Path: /Game/nivel_01.nivel_01:PersistentLevel.StaticMeshActor_34
 |- Actor Package: /Game/__ExternalActors__/nivel_01/3/UE/LVXYASTIBJCKGJIS7RYPI8
 |- Actor Path: /Game/nivel_01.nivel_01:PersistentLevel.StaticMeshActor_35
 |- Actor Package: /Game/__ExternalActors__/nivel_01/A/4C/NSXZ3QXHU63AJPYAU2GL4V
 |- Actor Path: /Game/nivel_01.nivel_01:PersistentLevel.StaticMeshActor_4
 |- Actor Package: /Game/__ExternalActors__/nivel_01/9/5U/M1MYQXZ3NYSGWJ4W331DBC
 |- Actor Path: /Game/nivel_01.nivel_01:PersistentLevel.StaticMeshActor_5
 |- Actor Package: /Game/__ExternalActors__/nivel_01/E/0P/9Q56Y1Q1OFPVR2EOHOVLRD
 |- Actor Path: /Game/nivel_01.nivel_01:PersistentLevel.StaticMeshActor_6
 |- Actor Package: /Game/__ExternalActors__/nivel_01/1/JA/N3ASTKVU05I8JP6OISM7D3
 |- Actor Path: /Game/nivel_01.nivel_01:PersistentLevel.StaticMeshActor_7
 |- Actor Package: /Game/__ExternalActors__/nivel_01/1/H2/B6FMJS5GUWOCKH5H0HZTRT
 |- Actor Path: /Game/nivel_01.nivel_01:PersistentLevel.StaticMeshActor_8
 |- Actor Package: /Game/__ExternalActors__/nivel_01/0/B2/PA7KOOQZAPF4CAG1UP54CX
 |- Actor Path: /Game/nivel_01.nivel_01:PersistentLevel.StaticMeshActor_9
 |- Actor Package: /Game/__ExternalActors__/nivel_01/8/DN/N9OI1CMJ0B8BQ17IQ7AVKB
 |- Actor Path: /Game/nivel_01.nivel_01:PersistentLevel.StaticMeshActor_UAID_10FFE02FCD79ECBF02_1360267727
 |- Actor Package: /Game/__ExternalActors__/nivel_01/E/TT/ZMR6TDQAHJTMS4S31GC82V
 |- Actor Path: /Game/nivel_01.nivel_01:PersistentLevel.StaticMeshActor_UAID_10FFE02FCD79ECBF02_1366623728
 |- Actor Package: /Game/__ExternalActors__/nivel_01/1/L2/0JHXOIVQ01CR1UC0SYVDQH
 |- Actor Path: /Game/nivel_01.nivel_01:PersistentLevel.StaticMeshActor_UAID_10FFE02FCD79ECBF02_1379006729
 |- Actor Package: /Game/__ExternalActors__/nivel_01/9/XS/62VH3P95X5K7OQRLEFR70O
 |- Actor Path: /Game/nivel_01.nivel_01:PersistentLevel.StaticMeshActor_UAID_10FFE02FCD79ECBF02_1389227730
 |- Actor Package: /Game/__ExternalActors__/nivel_01/A/DW/9N9A2UAFTDL4A1SKFRXCTZ
 |- Actor Path: /Game/nivel_01.nivel_01:PersistentLevel.StaticMeshActor_UAID_10FFE02FCD79EEBF02_1823778102
 |- Actor Package: /Game/__ExternalActors__/nivel_01/3/20/XX0M05GK7L9H11ORFROFB9
 |- Actor Path: /Game/nivel_01.nivel_01:PersistentLevel.StaticMeshActor_UAID_10FFE02FCD79EEBF02_2081350106
 |- Actor Package: /Game/__ExternalActors__/nivel_01/D/ZX/HTMY6EINR62VODP2CG9VGJ
 |- Actor Path: /Game/nivel_01.nivel_01:PersistentLevel.StaticMeshActor_UAID_10FFE02FCD79EFBF02_2092369312
 |- Actor Package: /Game/__ExternalActors__/nivel_01/B/4Q/N63M9S49Q5DSCWK2BF1PVF
 |- Actor Path: /Game/nivel_01.nivel_01:PersistentLevel.StaticMeshActor_UAID_10FFE02FCD79EFBF02_2127754313
 |- Actor Package: /Game/__ExternalActors__/nivel_01/5/Z2/E4BN4K18ISDWM37N5LUW69
 |- Actor Path: /Game/nivel_01.nivel_01:PersistentLevel.StaticMeshActor_UAID_10FFE02FCD79EFBF02_2137341314
 |- Actor Package: /Game/__ExternalActors__/nivel_01/7/6L/7EAPFELE4QNZI9L3W8GGJF
 |- Actor Path: /Game/nivel_01.nivel_01:PersistentLevel.StaticMeshActor_UAID_10FFE02FCD79F0BF02_1105113491
 |- Actor Package: /Game/__ExternalActors__/nivel_01/8/XT/ZAA68NQJ0GJBTD7SZO4EFY
 |- Actor Path: /Game/nivel_01.nivel_01:PersistentLevel.StaticMeshActor_UAID_10FFE02FCD79F0BF02_1147172492
 |- Actor Package: /Game/__ExternalActors__/nivel_01/4/1T/95OMIXBQGCEVD7LXVKJXDB
 |- Actor Path: /Game/nivel_01.nivel_01:PersistentLevel.StaticMeshActor_UAID_10FFE02FCD79F0BF02_1180694493
 |- Actor Package: /Game/__ExternalActors__/nivel_01/2/XD/MPGE9BHETUFGGUGEUPPOXI
 |- Actor Path: /Game/nivel_01.nivel_01:PersistentLevel.StaticMeshActor_UAID_10FFE02FCD79F0BF02_1211643494
 |- Actor Package: /Game/__ExternalActors__/nivel_01/B/GP/24P6ENJUSISXTQNTAYTHCM
 |- Actor Path: /Game/nivel_01.nivel_01:PersistentLevel.StaticMeshActor_UAID_10FFE02FCD79F0BF02_1556510495
 |- Actor Package: /Game/__ExternalActors__/nivel_01/A/RV/2FJ49WZQBXQDK7AFSWOL0C
 |- Actor Path: /Game/nivel_01.nivel_01:PersistentLevel.StaticMeshActor_UAID_10FFE02FCD79F0BF02_1627068496
 |- Actor Package: /Game/__ExternalActors__/nivel_01/4/G7/QB3IZ724WRAD7FK7DFMYK8
 |- Actor Path: /Game/nivel_01.nivel_01:PersistentLevel.StaticMeshActor_UAID_10FFE02FCD79F0BF02_1644131497
 |- Actor Package: /Game/__ExternalActors__/nivel_01/5/8H/UN9D3XUJHMAEQ8ADSD6UD9
 |- Actor Path: /Game/nivel_01.nivel_01:PersistentLevel.StaticMeshActor_UAID_A4AE111137DC5EFB00_1110535423
 |- Actor Package: /Game/__ExternalActors__/nivel_01/7/MZ/9HO1FH6NO2533SNBL2OHB5
 |- Actor Path: /Game/nivel_01.nivel_01:PersistentLevel.VolumetricCloud_0
 |- Actor Package: /Game/__ExternalActors__/nivel_01/A/3U/KF2NKOUX65BFGJQ14TA844
 |- Actor Path: /Game/nivel_01.nivel_01:PersistentLevel.WorldDataLayers
 |- Actor Package: /Game/__ExternalActors__/nivel_01/4/7E/FCL8MGX9O3FL0GHAUGS6R5

----------------------------------------------------------------------------------------------------------------
nivel_01 - Runtime Hash Set
----------------------------------------------------------------------------------------------------------------

