[+] Containers:
 |- [+] Container: /Game/nivel_2
 |   |- [+] ActorDescs:
 |   |   |- Guid:03A7537F449B104373DB86AB451F0A51 BaseClass: NativeClass:/Script/Engine.StaticMeshActor Name:StaticMeshActor_12 Label:SM_Cube8 SpatiallyLoaded:1 Bounds:IsValid=true, Min=(X=1300.000 Y=2600.000 Z=0.000), Max=(X=2500.000 Y=2900.000 Z=200.000) RuntimeGrid:None EditorOnly:0 RuntimeOnly:0 HLODRelevant:1 ListedInSceneOutliner:1 IsMainWorldOnly:0 FolderPath:Block02 FolderGuid:EBA23F8248252949750E43911A3A1CDD
 |   |   |- Guid:0ABD3A6C45762CA990BA49B10E193AAA BaseClass: NativeClass:/Script/Engine.StaticMeshActor Name:StaticMeshActor_UAID_10FFE02FCD79ECBF02_1389227730 Label:SM_Cube17 SpatiallyLoaded:1 Bounds:IsValid=true, Min=(X=1000.000 Y=3850.000 Z=0.000), Max=(X=1100.000 Y=7150.000 Z=400.000) RuntimeGrid:None EditorOnly:0 RuntimeOnly:0 HLODRelevant:1 ListedInSceneOutliner:1 IsMainWorldOnly:0 FolderPath:Playground FolderGuid:C73F09FC4215536B1DCE2A9E0A830C70
 |   |   |- Guid:0BCEA695470487A23F2A36BF2A88F6B4 BaseClass: NativeClass:/Script/Engine.SceneCaptureCube Name:SceneCaptureCube_UAID_10FFE02FCD7919BD02_1588154479 Label:SceneCaptureCube SpatiallyLoaded:1 Bounds:IsValid=true, Min=(X=870.000 Y=2530.000 Z=120.000), Max=(X=870.000 Y=2530.000 Z=120.000) RuntimeGrid:None EditorOnly:0 RuntimeOnly:0 HLODRelevant:0 ListedInSceneOutliner:1 IsMainWorldOnly:0
 |   |   |- Guid:0C80ACD842798EFF98B3A08C81162AC7 BaseClass: NativeClass:/Script/Engine.StaticMeshActor Name:StaticMeshActor_13 Label:SM_Cube9 SpatiallyLoaded:1 Bounds:IsValid=true, Min=(X=1800.000 Y=1500.000 Z=0.000), Max=(X=2000.000 Y=2200.000 Z=100.000) RuntimeGrid:None EditorOnly:0 RuntimeOnly:0 HLODRelevant:1 ListedInSceneOutliner:1 IsMainWorldOnly:0 FolderPath:Block01 FolderGuid:7D23E5AE4C2A421F86AF6986D87E6D05
 |   |   |- Guid:0CAEBF6B4BF07DDB36CDC18CF723E4A0 BaseClass: NativeClass:/Script/Engine.DirectionalLight Name:DirectionalLight_0 Label:DirectionalLight SpatiallyLoaded:0 Bounds:Invalid RuntimeGrid:None EditorOnly:0 RuntimeOnly:0 HLODRelevant:0 ListedInSceneOutliner:1 IsMainWorldOnly:0 FolderPath:Lighting FolderGuid:963EC3EB4002CCE9759E2EBA541A873A
 |   |   |- Guid:0DD573BB4F5D42700050FCB1C6F6016E BaseClass: NativeClass:/Script/Engine.StaticMeshActor Name:StaticMeshActor_UAID_10FFE02FCD79EFBF02_2127754313 Label:Cube3 SpatiallyLoaded:1 Bounds:IsValid=true, Min=(X=-63.864 Y=5266.944 Z=-27.243), Max=(X=36.136 Y=5366.944 Z=72.757) RuntimeGrid:None EditorOnly:0 RuntimeOnly:0 HLODRelevant:1 ListedInSceneOutliner:1 IsMainWorldOnly:0
 |   |   |- Guid:10990B2743AD9D4D4C53E587EF6D6285 BaseClass: NativeClass:/Script/Engine.PlayerStart Name:PlayerStart_0 Label:PlayerStart SpatiallyLoaded:0 Bounds:IsValid=true, Min=(X=785.604 Y=5390.759 Z=0.013), Max=(X=865.604 Y=5470.759 Z=184.013) RuntimeGrid:None EditorOnly:0 RuntimeOnly:0 HLODRelevant:0 ListedInSceneOutliner:1 IsMainWorldOnly:0
 |   |   |- Guid:16869AEF4F919E842F540C94E7F43B17 BaseClass: NativeClass:/Script/Engine.StaticMeshActor Name:StaticMeshActor_16 Label:SM_Cube11 SpatiallyLoaded:1 Bounds:IsValid=true, Min=(X=400.000 Y=2600.000 Z=0.000), Max=(X=700.000 Y=2900.000 Z=200.000) RuntimeGrid:None EditorOnly:0 RuntimeOnly:0 HLODRelevant:1 ListedInSceneOutliner:1 IsMainWorldOnly:0 FolderPath:Block03 FolderGuid:7B7009C345D3D6DD94D3429E1D79C034
 |   |   |- Guid:17754D8748824410914F63817EDC4593 BaseClass: NativeClass:/Script/Engine.StaticMeshActor Name:StaticMeshActor_22 Label:SM_QuarterCylinder4 SpatiallyLoaded:1 Bounds:IsValid=true, Min=(X=300.000 Y=2600.000 Z=0.000), Max=(X=400.000 Y=2700.000 Z=200.000) RuntimeGrid:None EditorOnly:0 RuntimeOnly:0 HLODRelevant:1 ListedInSceneOutliner:1 IsMainWorldOnly:0 FolderPath:Block03 FolderGuid:7B7009C345D3D6DD94D3429E1D79C034
 |   |   |- Guid:18B7F6DD49C81640671185B5DDB643F0 BaseClass: NativeClass:/Script/Engine.StaticMeshActor Name:StaticMeshActor_2 Label:SM_ChamferCube SpatiallyLoaded:1 Bounds:IsValid=true, Min=(X=1100.000 Y=2000.000 Z=0.013), Max=(X=1200.000 Y=2100.000 Z=100.013) RuntimeGrid:None EditorOnly:0 RuntimeOnly:0 HLODRelevant:0 ListedInSceneOutliner:1 IsMainWorldOnly:0
 |   |   |- Guid:1BD6DFA34286A35C8130369574A3E9F6 BaseClass: NativeClass:/Script/Engine.StaticMeshActor Name:StaticMeshActor_0 Label:SM_Cube5 SpatiallyLoaded:1 Bounds:IsValid=true, Min=(X=-0.000 Y=100.000 Z=0.000), Max=(X=100.000 Y=3400.000 Z=400.000) RuntimeGrid:None EditorOnly:0 RuntimeOnly:0 HLODRelevant:1 ListedInSceneOutliner:1 IsMainWorldOnly:0 FolderPath:Playground FolderGuid:C73F09FC4215536B1DCE2A9E0A830C70
 |   |   |- Guid:21DE482C4801279298DDD9A2EC7E49EC BaseClass: NativeClass:/Script/Engine.StaticMeshActor Name:StaticMeshActor_UAID_A4AE111137DC5EFB00_1110535423 Label:SM_SkySphere SpatiallyLoaded:0 Bounds:IsValid=true, Min=(X=-1638400.000 Y=-1638400.000 Z=-1638400.000), Max=(X=1638400.000 Y=1638400.000 Z=1638400.000) RuntimeGrid:None EditorOnly:0 RuntimeOnly:0 HLODRelevant:0 ListedInSceneOutliner:1 IsMainWorldOnly:0 FolderPath:Lighting FolderGuid:963EC3EB4002CCE9759E2EBA541A873A
 |   |   |- Guid:25A94B004E17F4288914B7A60466E101 BaseClass:/Game/cuadro3D/cambio_cuadro.cambio_cuadro_C NativeClass:/Script/Engine.Actor Name:cambio_cuadro_C_UAID_10FFE02FCD791ABD02_1600466658 Label:cambio_cuadro SpatiallyLoaded:1 Bounds:IsValid=true, Min=(X=800.000 Y=280.000 Z=26.000), Max=(X=1080.000 Y=700.000 Z=334.000) RuntimeGrid:None EditorOnly:0 RuntimeOnly:0 HLODRelevant:0 ListedInSceneOutliner:1 IsMainWorldOnly:0
 |   |   |- Guid:2CE42F1B4A313347AF365AA31678579F BaseClass: NativeClass:/Script/Engine.VolumetricCloud Name:VolumetricCloud_0 Label:VolumetricCloud SpatiallyLoaded:0 Bounds:IsValid=true, Min=(X=0.000 Y=0.000 Z=820.000), Max=(X=0.000 Y=0.000 Z=820.000) RuntimeGrid:None EditorOnly:0 RuntimeOnly:0 HLODRelevant:0 ListedInSceneOutliner:1 IsMainWorldOnly:0 FolderPath:Lighting FolderGuid:963EC3EB4002CCE9759E2EBA541A873A
 |   |   |- Guid:31F6482D452D4905CC46538FAD464B29 BaseClass: NativeClass:/Script/Engine.StaticMeshActor Name:StaticMeshActor_5 Label:SM_Cube2 SpatiallyLoaded:1 Bounds:IsValid=true, Min=(X=0.000 Y=0.000 Z=0.000), Max=(X=3000.000 Y=100.000 Z=400.000) RuntimeGrid:None EditorOnly:0 RuntimeOnly:0 HLODRelevant:1 ListedInSceneOutliner:1 IsMainWorldOnly:0 FolderPath:Playground FolderGuid:C73F09FC4215536B1DCE2A9E0A830C70
 |   |   |- Guid:3812BDF740ACD5F7FFD7AC9266DA47E8 BaseClass: NativeClass:/Script/Engine.StaticMeshActor Name:StaticMeshActor_20 Label:SM_Cube12 SpatiallyLoaded:1 Bounds:IsValid=true, Min=(X=2500.000 Y=2700.000 Z=0.000), Max=(X=2600.000 Y=2800.000 Z=200.000) RuntimeGrid:None EditorOnly:0 RuntimeOnly:0 HLODRelevant:1 ListedInSceneOutliner:1 IsMainWorldOnly:0 FolderPath:Block02 FolderGuid:EBA23F8248252949750E43911A3A1CDD
 |   |   |- Guid:3DEAD8EB468AAFA98E72B58C9C791D67 BaseClass: NativeClass:/Script/Engine.StaticMeshActor Name:StaticMeshActor_14 Label:SM_Ramp3 SpatiallyLoaded:1 Bounds:IsValid=true, Min=(X=1800.000 Y=1700.000 Z=100.000), Max=(X=2000.000 Y=2100.000 Z=200.000) RuntimeGrid:None EditorOnly:0 RuntimeOnly:0 HLODRelevant:1 ListedInSceneOutliner:1 IsMainWorldOnly:0 FolderPath:Block01 FolderGuid:7D23E5AE4C2A421F86AF6986D87E6D05
 |   |   |- Guid:400A0D6948A5DD916351648FEAEBA446 BaseClass: NativeClass:/Script/Engine.SkyAtmosphere Name:SkyAtmosphere_0 Label:SkyAtmosphere SpatiallyLoaded:0 Bounds:IsValid=true, Min=(X=0.000 Y=0.000 Z=1020.000), Max=(X=0.000 Y=0.000 Z=1020.000) RuntimeGrid:None EditorOnly:0 RuntimeOnly:0 HLODRelevant:0 ListedInSceneOutliner:1 IsMainWorldOnly:0 FolderPath:Lighting FolderGuid:963EC3EB4002CCE9759E2EBA541A873A
 |   |   |- Guid:44DD138E4DF1EECEBDC64E9F8F31EC43 BaseClass: NativeClass:/Script/Engine.StaticMeshActor Name:StaticMeshActor_10 Label:SM_ChamferCube2 SpatiallyLoaded:1 Bounds:IsValid=true, Min=(X=992.077 Y=2692.077 Z=0.013), Max=(X=1107.923 Y=2807.923 Z=100.013) RuntimeGrid:None EditorOnly:0 RuntimeOnly:0 HLODRelevant:0 ListedInSceneOutliner:1 IsMainWorldOnly:0
 |   |   |- Guid:4F67D2AA4EF4694BA62E2BB20CCB91D9 BaseClass: NativeClass:/Script/Engine.ExponentialHeightFog Name:ExponentialHeightFog_0 Label:ExponentialHeightFog SpatiallyLoaded:0 Bounds:IsValid=true, Min=(X=-5600.000 Y=-50.000 Z=-6850.000), Max=(X=-5600.000 Y=-50.000 Z=-6850.000) RuntimeGrid:None EditorOnly:0 RuntimeOnly:0 HLODRelevant:0 ListedInSceneOutliner:1 IsMainWorldOnly:0 FolderPath:Lighting FolderGuid:963EC3EB4002CCE9759E2EBA541A873A
 |   |   |- Guid:5410DE004613118D1B20EAB9B5BD90F5 BaseClass: NativeClass:/Script/Engine.StaticMeshActor Name:StaticMeshActor_UAID_10FFE02FCD79EEBF02_1823778102 Label:SM_Cube18 SpatiallyLoaded:1 Bounds:IsValid=true, Min=(X=-278.137 Y=5858.003 Z=-275.134), Max=(X=1176.315 Y=5958.003 Z=398.593) RuntimeGrid:None EditorOnly:0 RuntimeOnly:0 HLODRelevant:1 ListedInSceneOutliner:1 IsMainWorldOnly:0 FolderPath:Playground FolderGuid:C73F09FC4215536B1DCE2A9E0A830C70
 |   |   |- Guid:595FF124438E64BBE457418852297A1C BaseClass: NativeClass:/Script/Engine.StaticMeshActor Name:StaticMeshActor_34 Label:SM_QuarterCylinder13 SpatiallyLoaded:1 Bounds:IsValid=true, Min=(X=2000.000 Y=500.000 Z=0.000), Max=(X=2200.000 Y=700.000 Z=100.000) RuntimeGrid:None EditorOnly:0 RuntimeOnly:0 HLODRelevant:1 ListedInSceneOutliner:1 IsMainWorldOnly:0 FolderPath:Cylinder FolderGuid:D075E5BA49330D3EC2503D81A7CF88D1
 |   |   |- Guid:5EC46A334E2B86669F36E2933904D3FB BaseClass: NativeClass:/Script/Engine.WorldDataLayers Name:WorldDataLayers Label:WorldDataLayers SpatiallyLoaded:0 Bounds:Invalid RuntimeGrid:None EditorOnly:0 RuntimeOnly:0 HLODRelevant:0 ListedInSceneOutliner:1 IsMainWorldOnly:1
 |   |   |- Guid:65701BB844FCE9FF47A488ACD8340D0F BaseClass: NativeClass:/Script/Engine.StaticMeshActor Name:StaticMeshActor_35 Label:SM_QuarterCylinder14 SpatiallyLoaded:1 Bounds:IsValid=true, Min=(X=2200.000 Y=500.000 Z=0.000), Max=(X=2400.000 Y=700.000 Z=100.000) RuntimeGrid:None EditorOnly:0 RuntimeOnly:0 HLODRelevant:1 ListedInSceneOutliner:1 IsMainWorldOnly:0 FolderPath:Cylinder FolderGuid:D075E5BA49330D3EC2503D81A7CF88D1
 |   |   |- Guid:6B13662E42A91B2D8D7B69AC1F64B7D1 BaseClass: NativeClass:/Script/Engine.SkyLight Name:SkyLight_1 Label:SkyLight SpatiallyLoaded:0 Bounds:IsValid=true, Min=(X=0.000 Y=0.000 Z=690.000), Max=(X=0.000 Y=0.000 Z=690.000) RuntimeGrid:None EditorOnly:0 RuntimeOnly:0 HLODRelevant:0 ListedInSceneOutliner:1 IsMainWorldOnly:0 FolderPath:Lighting FolderGuid:963EC3EB4002CCE9759E2EBA541A873A
 |   |   |- Guid:6C20A3274BF8679ADF08C9AAFE2AE087 BaseClass: NativeClass:/Script/Engine.StaticMeshActor Name:StaticMeshActor_9 Label:SM_Ramp2 SpatiallyLoaded:1 Bounds:IsValid=true, Min=(X=1400.000 Y=1500.000 Z=0.000), Max=(X=1800.000 Y=1700.000 Z=100.000) RuntimeGrid:None EditorOnly:0 RuntimeOnly:0 HLODRelevant:1 ListedInSceneOutliner:1 IsMainWorldOnly:0 FolderPath:Block01 FolderGuid:7D23E5AE4C2A421F86AF6986D87E6D05
 |   |   |- Guid:6E000EE048AAE3CBFCDFD78562F129F2 BaseClass: NativeClass:/Script/Engine.StaticMeshActor Name:StaticMeshActor_UAID_10FFE02FCD79ECBF02_1360267727 Label:SM_Cube14 SpatiallyLoaded:1 Bounds:IsValid=true, Min=(X=-301.766 Y=3750.000 Z=-50.000), Max=(X=1044.487 Y=7250.000 Z=0.000) RuntimeGrid:None EditorOnly:0 RuntimeOnly:0 HLODRelevant:1 ListedInSceneOutliner:1 IsMainWorldOnly:0 FolderPath:Playground FolderGuid:C73F09FC4215536B1DCE2A9E0A830C70
 |   |   |- Guid:74E46ED943A8E07E6012BAB462AA944A BaseClass: NativeClass:/Script/Engine.StaticMeshActor Name:StaticMeshActor_24 Label:SM_Cube13 SpatiallyLoaded:1 Bounds:IsValid=true, Min=(X=300.000 Y=2700.000 Z=0.000), Max=(X=400.000 Y=2800.000 Z=200.000) RuntimeGrid:None EditorOnly:0 RuntimeOnly:0 HLODRelevant:1 ListedInSceneOutliner:1 IsMainWorldOnly:0 FolderPath:Block03 FolderGuid:7B7009C345D3D6DD94D3429E1D79C034
 |   |   |- Guid:77D3D4AD4A8F76C13E9FBAB65B0916D8 BaseClass: NativeClass:/Script/Engine.StaticMeshActor Name:StaticMeshActor_UAID_10FFE02FCD79EEBF02_2081350106 Label:Cube2 SpatiallyLoaded:1 Bounds:IsValid=true, Min=(X=989.186 Y=5383.412 Z=-16.345), Max=(X=1018.580 Y=5529.728 Z=277.535) RuntimeGrid:None EditorOnly:0 RuntimeOnly:0 HLODRelevant:1 ListedInSceneOutliner:1 IsMainWorldOnly:0
 |   |   |- Guid:7EED11EE46B8F98F78FEC1A1D436B274 BaseClass: NativeClass:/Script/Engine.PostProcessVolume Name:PostProcessVolume_0 Label:PostProcessVolume SpatiallyLoaded:0 Bounds:IsValid=true, Min=(X=0.000 Y=0.000 Z=400.000), Max=(X=200.000 Y=200.000 Z=600.000) RuntimeGrid:None EditorOnly:0 RuntimeOnly:0 HLODRelevant:0 ListedInSceneOutliner:1 IsMainWorldOnly:0 FolderPath:Lighting FolderGuid:963EC3EB4002CCE9759E2EBA541A873A
 |   |   |- Guid:910A6D364C5EE3BA27F68E9A736F3F5D BaseClass: NativeClass:/Script/Engine.StaticMeshActor Name:StaticMeshActor_32 Label:SM_QuarterCylinder11 SpatiallyLoaded:1 Bounds:IsValid=true, Min=(X=2200.000 Y=700.000 Z=-0.000), Max=(X=2400.000 Y=900.000 Z=100.000) RuntimeGrid:None EditorOnly:0 RuntimeOnly:0 HLODRelevant:1 ListedInSceneOutliner:1 IsMainWorldOnly:0 FolderPath:Cylinder FolderGuid:D075E5BA49330D3EC2503D81A7CF88D1
 |   |   |- Guid:9425D5624F7842F20742D2946BAC601C BaseClass: NativeClass:/Script/Engine.StaticMeshActor Name:StaticMeshActor_UAID_10FFE02FCD79EFBF02_2137341314 Label:Cube4 SpatiallyLoaded:1 Bounds:IsValid=true, Min=(X=-62.784 Y=5645.070 Z=-27.243), Max=(X=37.216 Y=5745.070 Z=72.757) RuntimeGrid:None EditorOnly:0 RuntimeOnly:0 HLODRelevant:1 ListedInSceneOutliner:1 IsMainWorldOnly:0
 |   |   |- Guid:9489A2904D9EE829618D26A5AD035D7E BaseClass: NativeClass:/Script/Engine.StaticMeshActor Name:StaticMeshActor_33 Label:SM_QuarterCylinder12 SpatiallyLoaded:1 Bounds:IsValid=true, Min=(X=2000.000 Y=700.000 Z=0.000), Max=(X=2200.000 Y=900.000 Z=100.000) RuntimeGrid:None EditorOnly:0 RuntimeOnly:0 HLODRelevant:1 ListedInSceneOutliner:1 IsMainWorldOnly:0 FolderPath:Cylinder FolderGuid:D075E5BA49330D3EC2503D81A7CF88D1
 |   |   |- Guid:A0C6C89045DF393FDC0E0B91599FEC4E BaseClass: NativeClass:/Script/Engine.StaticMeshActor Name:StaticMeshActor_6 Label:SM_Cube3 SpatiallyLoaded:1 Bounds:IsValid=true, Min=(X=0.000 Y=3400.000 Z=0.000), Max=(X=3000.000 Y=3500.000 Z=400.000) RuntimeGrid:None EditorOnly:0 RuntimeOnly:0 HLODRelevant:1 ListedInSceneOutliner:1 IsMainWorldOnly:0 FolderPath:Playground FolderGuid:C73F09FC4215536B1DCE2A9E0A830C70
 |   |   |- Guid:A4ACA2D0461675141CDC9B975D79D42A BaseClass: NativeClass:/Script/Engine.StaticMeshActor Name:StaticMeshActor_4 Label:SM_Cube6 SpatiallyLoaded:1 Bounds:IsValid=true, Min=(X=2900.000 Y=100.000 Z=0.000), Max=(X=3000.000 Y=3400.000 Z=400.000) RuntimeGrid:None EditorOnly:0 RuntimeOnly:0 HLODRelevant:1 ListedInSceneOutliner:1 IsMainWorldOnly:0 FolderPath:Playground FolderGuid:C73F09FC4215536B1DCE2A9E0A830C70
 |   |   |- Guid:A6687765442B8DA96B8ADAAD1BDD56DE BaseClass: NativeClass:/Script/Engine.StaticMeshActor Name:StaticMeshActor_23 Label:SM_QuarterCylinder5 SpatiallyLoaded:1 Bounds:IsValid=true, Min=(X=300.000 Y=2800.000 Z=0.000), Max=(X=400.000 Y=2900.000 Z=200.000) RuntimeGrid:None EditorOnly:0 RuntimeOnly:0 HLODRelevant:1 ListedInSceneOutliner:1 IsMainWorldOnly:0 FolderPath:Block03 FolderGuid:7B7009C345D3D6DD94D3429E1D79C034
 |   |   |- Guid:AEDE6B1F487C85983937359F9512A926 BaseClass: NativeClass:/Script/Engine.StaticMeshActor Name:StaticMeshActor_7 Label:SM_Cube7 SpatiallyLoaded:1 Bounds:IsValid=true, Min=(X=1300.000 Y=2200.000 Z=0.000), Max=(X=1500.000 Y=2300.000 Z=200.000) RuntimeGrid:None EditorOnly:0 RuntimeOnly:0 HLODRelevant:1 ListedInSceneOutliner:1 IsMainWorldOnly:0 FolderPath:Block01 FolderGuid:7D23E5AE4C2A421F86AF6986D87E6D05
 |   |   |- Guid:B482FEA348A61021B1E857AFDE2CA089 BaseClass: NativeClass:/Script/Engine.StaticMeshActor Name:StaticMeshActor_UAID_10FFE02FCD79F0BF02_1147172492 Label:Cube6 SpatiallyLoaded:1 Bounds:IsValid=true, Min=(X=484.677 Y=5015.269 Z=-8.279), Max=(X=701.682 Y=5121.352 Z=293.275) RuntimeGrid:None EditorOnly:0 RuntimeOnly:0 HLODRelevant:1 ListedInSceneOutliner:1 IsMainWorldOnly:0
 |   |   |- Guid:B71716F84C32AE96F07AD29915A28095 BaseClass: NativeClass:/Script/Engine.StaticMeshActor Name:StaticMeshActor_3 Label:SM_Ramp SpatiallyLoaded:1 Bounds:IsValid=true, Min=(X=1300.000 Y=600.000 Z=0.000), Max=(X=1700.000 Y=800.000 Z=30.000) RuntimeGrid:None EditorOnly:0 RuntimeOnly:0 HLODRelevant:1 ListedInSceneOutliner:1 IsMainWorldOnly:0
 |   |   |- Guid:BE2227F84B4F6F25AD8B10BF0B25DEF4 BaseClass: NativeClass:/Script/Engine.StaticMeshActor Name:StaticMeshActor_1 Label:SM_Cube SpatiallyLoaded:1 Bounds:IsValid=true, Min=(X=0.000 Y=0.000 Z=-50.000), Max=(X=3000.000 Y=3500.000 Z=0.000) RuntimeGrid:None EditorOnly:0 RuntimeOnly:0 HLODRelevant:1 ListedInSceneOutliner:1 IsMainWorldOnly:0 FolderPath:Playground FolderGuid:C73F09FC4215536B1DCE2A9E0A830C70
 |   |   |- Guid:BE2466E44A038B2D2BA5E8B338378F75 BaseClass: NativeClass:/Script/Engine.StaticMeshActor Name:StaticMeshActor_21 Label:SM_QuarterCylinder3 SpatiallyLoaded:1 Bounds:IsValid=true, Min=(X=1500.000 Y=2200.000 Z=0.000), Max=(X=1600.000 Y=2300.000 Z=200.000) RuntimeGrid:None EditorOnly:0 RuntimeOnly:0 HLODRelevant:1 ListedInSceneOutliner:1 IsMainWorldOnly:0 FolderPath:Block01 FolderGuid:7D23E5AE4C2A421F86AF6986D87E6D05
 |   |   |- Guid:BE4969094AC08F4FC88C2491DDB0CDBF BaseClass: NativeClass:/Script/Engine.StaticMeshActor Name:StaticMeshActor_8 Label:SM_Cube4 SpatiallyLoaded:1 Bounds:IsValid=true, Min=(X=1200.000 Y=1700.000 Z=0.000), Max=(X=1800.000 Y=2200.000 Z=200.000) RuntimeGrid:None EditorOnly:0 RuntimeOnly:0 HLODRelevant:1 ListedInSceneOutliner:1 IsMainWorldOnly:0 FolderPath:Block01 FolderGuid:7D23E5AE4C2A421F86AF6986D87E6D05
 |   |   |- Guid:C7A3A0FC4DEE86F4CF6BE1A50538CBA9 BaseClass: NativeClass:/Script/Engine.StaticMeshActor Name:StaticMeshActor_UAID_10FFE02FCD79ECBF02_1366623728 Label:SM_Cube15 SpatiallyLoaded:1 Bounds:IsValid=true, Min=(X=-175.542 Y=4259.335 Z=-0.000), Max=(X=-75.542 Y=6560.527 Z=400.000) RuntimeGrid:None EditorOnly:0 RuntimeOnly:0 HLODRelevant:1 ListedInSceneOutliner:1 IsMainWorldOnly:0 FolderPath:Playground FolderGuid:C73F09FC4215536B1DCE2A9E0A830C70
 |   |   |- Guid:CC1ECAB3431D8EDA7CFE5684958A463E BaseClass: NativeClass:/Script/Engine.StaticMeshActor Name:StaticMeshActor_UAID_10FFE02FCD79ECBF02_1379006729 Label:SM_Cube16 SpatiallyLoaded:1 Bounds:IsValid=true, Min=(X=-276.227 Y=4952.756 Z=0.000), Max=(X=1024.587 Y=5052.756 Z=400.000) RuntimeGrid:None EditorOnly:0 RuntimeOnly:0 HLODRelevant:1 ListedInSceneOutliner:1 IsMainWorldOnly:0 FolderPath:Playground FolderGuid:C73F09FC4215536B1DCE2A9E0A830C70
 |   |   |- Guid:CD9D6845485455B10FE7A88A42497386 BaseClass: NativeClass:/Script/Engine.StaticMeshActor Name:StaticMeshActor_15 Label:SM_Cube10 SpatiallyLoaded:1 Bounds:IsValid=true, Min=(X=1800.000 Y=2100.000 Z=100.000), Max=(X=2000.000 Y=2200.000 Z=200.000) RuntimeGrid:None EditorOnly:0 RuntimeOnly:0 HLODRelevant:1 ListedInSceneOutliner:1 IsMainWorldOnly:0 FolderPath:Block01 FolderGuid:7D23E5AE4C2A421F86AF6986D87E6D05
 |   |   |- Guid:E244192A430E6FE02566028C3A1F1072 BaseClass: NativeClass:/Script/Engine.SceneCaptureCube Name:SceneCaptureCube_UAID_10FFE02FCD791ABD02_1293076657 Label:SceneCaptureCube2 SpatiallyLoaded:1 Bounds:IsValid=true, Min=(X=2190.000 Y=1440.000 Z=60.000), Max=(X=2190.000 Y=1440.000 Z=60.000) RuntimeGrid:None EditorOnly:0 RuntimeOnly:0 HLODRelevant:0 ListedInSceneOutliner:1 IsMainWorldOnly:0
 |   |   |- Guid:E42965AE4B2CF74A0A315E964A1C0A2C BaseClass: NativeClass:/Script/Engine.StaticMeshActor Name:StaticMeshActor_UAID_10FFE02FCD79EFBF02_2092369312 Label:Cube SpatiallyLoaded:1 Bounds:IsValid=true, Min=(X=-82.440 Y=5393.125 Z=-8.586), Max=(X=234.295 Y=5614.314 Z=71.997) RuntimeGrid:None EditorOnly:0 RuntimeOnly:0 HLODRelevant:1 ListedInSceneOutliner:1 IsMainWorldOnly:0
 |   |   |- Guid:E95354B746F3447D15CA2BA4CE1B4A84 BaseClass: NativeClass:/Script/Engine.StaticMeshActor Name:StaticMeshActor_25 Label:SM_QuarterCylinder6 SpatiallyLoaded:1 Bounds:IsValid=true, Min=(X=1200.000 Y=2200.000 Z=0.000), Max=(X=1300.000 Y=2300.000 Z=200.000) RuntimeGrid:None EditorOnly:0 RuntimeOnly:0 HLODRelevant:1 ListedInSceneOutliner:1 IsMainWorldOnly:0 FolderPath:Block01 FolderGuid:7D23E5AE4C2A421F86AF6986D87E6D05
 |   |   |- Guid:EC119CB8458CD4BE490449A1EDEB25A1 BaseClass: NativeClass:/Script/Engine.StaticMeshActor Name:StaticMeshActor_18 Label:SM_QuarterCylinder SpatiallyLoaded:1 Bounds:IsValid=true, Min=(X=2500.000 Y=2800.000 Z=0.000), Max=(X=2600.000 Y=2900.000 Z=200.000) RuntimeGrid:None EditorOnly:0 RuntimeOnly:0 HLODRelevant:1 ListedInSceneOutliner:1 IsMainWorldOnly:0 FolderPath:Block02 FolderGuid:EBA23F8248252949750E43911A3A1CDD
 |   |   |- Guid:EC7ED71C4F23BDD202494AAC11CE5258 BaseClass: NativeClass:/Script/Engine.StaticMeshActor Name:StaticMeshActor_19 Label:SM_QuarterCylinder2 SpatiallyLoaded:1 Bounds:IsValid=true, Min=(X=2500.000 Y=2600.000 Z=0.000), Max=(X=2600.000 Y=2700.000 Z=200.000) RuntimeGrid:None EditorOnly:0 RuntimeOnly:0 HLODRelevant:1 ListedInSceneOutliner:1 IsMainWorldOnly:0 FolderPath:Block02 FolderGuid:EBA23F8248252949750E43911A3A1CDD
 |   |   |- Guid:FADC5344420D3CE0DD4E7296236E1E70 BaseClass: NativeClass:/Script/Engine.StaticMeshActor Name:StaticMeshActor_11 Label:SM_ChamferCube3 SpatiallyLoaded:1 Bounds:IsValid=true, Min=(X=481.699 Y=2271.699 Z=0.013), Max=(X=618.301 Y=2408.301 Z=100.013) RuntimeGrid:None EditorOnly:0 RuntimeOnly:0 HLODRelevant:0 ListedInSceneOutliner:1 IsMainWorldOnly:0
 |   |   |- Guid:FFFF5B4D4CB33AA898E97FBB5D003F6E BaseClass: NativeClass:/Script/Engine.StaticMeshActor Name:StaticMeshActor_UAID_10FFE02FCD79F0BF02_1105113491 Label:Cube5 SpatiallyLoaded:1 Bounds:IsValid=true, Min=(X=484.677 Y=5753.623 Z=-27.243), Max=(X=701.682 Y=5859.706 Z=72.757) RuntimeGrid:None EditorOnly:0 RuntimeOnly:0 HLODRelevant:1 ListedInSceneOutliner:1 IsMainWorldOnly:0
 |   |- [+] Clusters:
 |   |   |- [+] [  0]
 |   |   |   |- Guid:03A7537F449B104373DB86AB451F0A51 BaseClass: NativeClass:/Script/Engine.StaticMeshActor Name:StaticMeshActor_12 Label:SM_Cube8 SpatiallyLoaded:1 Bounds:IsValid=true, Min=(X=1300.000 Y=2600.000 Z=0.000), Max=(X=2500.000 Y=2900.000 Z=200.000) RuntimeGrid:None EditorOnly:0 RuntimeOnly:0 HLODRelevant:1 ListedInSceneOutliner:1 IsMainWorldOnly:0 FolderPath:Block02 FolderGuid:EBA23F8248252949750E43911A3A1CDD
 |   |   |- [+] [  1]
 |   |   |   |- Guid:0ABD3A6C45762CA990BA49B10E193AAA BaseClass: NativeClass:/Script/Engine.StaticMeshActor Name:StaticMeshActor_UAID_10FFE02FCD79ECBF02_1389227730 Label:SM_Cube17 SpatiallyLoaded:1 Bounds:IsValid=true, Min=(X=1000.000 Y=3850.000 Z=0.000), Max=(X=1100.000 Y=7150.000 Z=400.000) RuntimeGrid:None EditorOnly:0 RuntimeOnly:0 HLODRelevant:1 ListedInSceneOutliner:1 IsMainWorldOnly:0 FolderPath:Playground FolderGuid:C73F09FC4215536B1DCE2A9E0A830C70
 |   |   |- [+] [  2]
 |   |   |   |- Guid:0BCEA695470487A23F2A36BF2A88F6B4 BaseClass: NativeClass:/Script/Engine.SceneCaptureCube Name:SceneCaptureCube_UAID_10FFE02FCD7919BD02_1588154479 Label:SceneCaptureCube SpatiallyLoaded:1 Bounds:IsValid=true, Min=(X=870.000 Y=2530.000 Z=120.000), Max=(X=870.000 Y=2530.000 Z=120.000) RuntimeGrid:None EditorOnly:0 RuntimeOnly:0 HLODRelevant:0 ListedInSceneOutliner:1 IsMainWorldOnly:0
 |   |   |- [+] [  3]
 |   |   |   |- Guid:0C80ACD842798EFF98B3A08C81162AC7 BaseClass: NativeClass:/Script/Engine.StaticMeshActor Name:StaticMeshActor_13 Label:SM_Cube9 SpatiallyLoaded:1 Bounds:IsValid=true, Min=(X=1800.000 Y=1500.000 Z=0.000), Max=(X=2000.000 Y=2200.000 Z=100.000) RuntimeGrid:None EditorOnly:0 RuntimeOnly:0 HLODRelevant:1 ListedInSceneOutliner:1 IsMainWorldOnly:0 FolderPath:Block01 FolderGuid:7D23E5AE4C2A421F86AF6986D87E6D05
 |   |   |- [+] [  4]
 |   |   |   |- Guid:0CAEBF6B4BF07DDB36CDC18CF723E4A0 BaseClass: NativeClass:/Script/Engine.DirectionalLight Name:DirectionalLight_0 Label:DirectionalLight SpatiallyLoaded:0 Bounds:Invalid RuntimeGrid:None EditorOnly:0 RuntimeOnly:0 HLODRelevant:0 ListedInSceneOutliner:1 IsMainWorldOnly:0 FolderPath:Lighting FolderGuid:963EC3EB4002CCE9759E2EBA541A873A
 |   |   |- [+] [  5]
 |   |   |   |- Guid:0DD573BB4F5D42700050FCB1C6F6016E BaseClass: NativeClass:/Script/Engine.StaticMeshActor Name:StaticMeshActor_UAID_10FFE02FCD79EFBF02_2127754313 Label:Cube3 SpatiallyLoaded:1 Bounds:IsValid=true, Min=(X=-63.864 Y=5266.944 Z=-27.243), Max=(X=36.136 Y=5366.944 Z=72.757) RuntimeGrid:None EditorOnly:0 RuntimeOnly:0 HLODRelevant:1 ListedInSceneOutliner:1 IsMainWorldOnly:0
 |   |   |- [+] [  6]
 |   |   |   |- Guid:10990B2743AD9D4D4C53E587EF6D6285 BaseClass: NativeClass:/Script/Engine.PlayerStart Name:PlayerStart_0 Label:PlayerStart SpatiallyLoaded:0 Bounds:IsValid=true, Min=(X=785.604 Y=5390.759 Z=0.013), Max=(X=865.604 Y=5470.759 Z=184.013) RuntimeGrid:None EditorOnly:0 RuntimeOnly:0 HLODRelevant:0 ListedInSceneOutliner:1 IsMainWorldOnly:0
 |   |   |- [+] [  7]
 |   |   |   |- Guid:16869AEF4F919E842F540C94E7F43B17 BaseClass: NativeClass:/Script/Engine.StaticMeshActor Name:StaticMeshActor_16 Label:SM_Cube11 SpatiallyLoaded:1 Bounds:IsValid=true, Min=(X=400.000 Y=2600.000 Z=0.000), Max=(X=700.000 Y=2900.000 Z=200.000) RuntimeGrid:None EditorOnly:0 RuntimeOnly:0 HLODRelevant:1 ListedInSceneOutliner:1 IsMainWorldOnly:0 FolderPath:Block03 FolderGuid:7B7009C345D3D6DD94D3429E1D79C034
 |   |   |- [+] [  8]
 |   |   |   |- Guid:17754D8748824410914F63817EDC4593 BaseClass: NativeClass:/Script/Engine.StaticMeshActor Name:StaticMeshActor_22 Label:SM_QuarterCylinder4 SpatiallyLoaded:1 Bounds:IsValid=true, Min=(X=300.000 Y=2600.000 Z=0.000), Max=(X=400.000 Y=2700.000 Z=200.000) RuntimeGrid:None EditorOnly:0 RuntimeOnly:0 HLODRelevant:1 ListedInSceneOutliner:1 IsMainWorldOnly:0 FolderPath:Block03 FolderGuid:7B7009C345D3D6DD94D3429E1D79C034
 |   |   |- [+] [  9]
 |   |   |   |- Guid:18B7F6DD49C81640671185B5DDB643F0 BaseClass: NativeClass:/Script/Engine.StaticMeshActor Name:StaticMeshActor_2 Label:SM_ChamferCube SpatiallyLoaded:1 Bounds:IsValid=true, Min=(X=1100.000 Y=2000.000 Z=0.013), Max=(X=1200.000 Y=2100.000 Z=100.013) RuntimeGrid:None EditorOnly:0 RuntimeOnly:0 HLODRelevant:0 ListedInSceneOutliner:1 IsMainWorldOnly:0
 |   |   |- [+] [ 10]
 |   |   |   |- Guid:1BD6DFA34286A35C8130369574A3E9F6 BaseClass: NativeClass:/Script/Engine.StaticMeshActor Name:StaticMeshActor_0 Label:SM_Cube5 SpatiallyLoaded:1 Bounds:IsValid=true, Min=(X=-0.000 Y=100.000 Z=0.000), Max=(X=100.000 Y=3400.000 Z=400.000) RuntimeGrid:None EditorOnly:0 RuntimeOnly:0 HLODRelevant:1 ListedInSceneOutliner:1 IsMainWorldOnly:0 FolderPath:Playground FolderGuid:C73F09FC4215536B1DCE2A9E0A830C70
 |   |   |- [+] [ 11]
 |   |   |   |- Guid:21DE482C4801279298DDD9A2EC7E49EC BaseClass: NativeClass:/Script/Engine.StaticMeshActor Name:StaticMeshActor_UAID_A4AE111137DC5EFB00_1110535423 Label:SM_SkySphere SpatiallyLoaded:0 Bounds:IsValid=true, Min=(X=-1638400.000 Y=-1638400.000 Z=-1638400.000), Max=(X=1638400.000 Y=1638400.000 Z=1638400.000) RuntimeGrid:None EditorOnly:0 RuntimeOnly:0 HLODRelevant:0 ListedInSceneOutliner:1 IsMainWorldOnly:0 FolderPath:Lighting FolderGuid:963EC3EB4002CCE9759E2EBA541A873A
 |   |   |- [+] [ 12]
 |   |   |   |- Guid:25A94B004E17F4288914B7A60466E101 BaseClass:/Game/cuadro3D/cambio_cuadro.cambio_cuadro_C NativeClass:/Script/Engine.Actor Name:cambio_cuadro_C_UAID_10FFE02FCD791ABD02_1600466658 Label:cambio_cuadro SpatiallyLoaded:1 Bounds:IsValid=true, Min=(X=800.000 Y=280.000 Z=26.000), Max=(X=1080.000 Y=700.000 Z=334.000) RuntimeGrid:None EditorOnly:0 RuntimeOnly:0 HLODRelevant:0 ListedInSceneOutliner:1 IsMainWorldOnly:0
 |   |   |- [+] [ 13]
 |   |   |   |- Guid:2CE42F1B4A313347AF365AA31678579F BaseClass: NativeClass:/Script/Engine.VolumetricCloud Name:VolumetricCloud_0 Label:VolumetricCloud SpatiallyLoaded:0 Bounds:IsValid=true, Min=(X=0.000 Y=0.000 Z=820.000), Max=(X=0.000 Y=0.000 Z=820.000) RuntimeGrid:None EditorOnly:0 RuntimeOnly:0 HLODRelevant:0 ListedInSceneOutliner:1 IsMainWorldOnly:0 FolderPath:Lighting FolderGuid:963EC3EB4002CCE9759E2EBA541A873A
 |   |   |- [+] [ 14]
 |   |   |   |- Guid:31F6482D452D4905CC46538FAD464B29 BaseClass: NativeClass:/Script/Engine.StaticMeshActor Name:StaticMeshActor_5 Label:SM_Cube2 SpatiallyLoaded:1 Bounds:IsValid=true, Min=(X=0.000 Y=0.000 Z=0.000), Max=(X=3000.000 Y=100.000 Z=400.000) RuntimeGrid:None EditorOnly:0 RuntimeOnly:0 HLODRelevant:1 ListedInSceneOutliner:1 IsMainWorldOnly:0 FolderPath:Playground FolderGuid:C73F09FC4215536B1DCE2A9E0A830C70
 |   |   |- [+] [ 15]
 |   |   |   |- Guid:3812BDF740ACD5F7FFD7AC9266DA47E8 BaseClass: NativeClass:/Script/Engine.StaticMeshActor Name:StaticMeshActor_20 Label:SM_Cube12 SpatiallyLoaded:1 Bounds:IsValid=true, Min=(X=2500.000 Y=2700.000 Z=0.000), Max=(X=2600.000 Y=2800.000 Z=200.000) RuntimeGrid:None EditorOnly:0 RuntimeOnly:0 HLODRelevant:1 ListedInSceneOutliner:1 IsMainWorldOnly:0 FolderPath:Block02 FolderGuid:EBA23F8248252949750E43911A3A1CDD
 |   |   |- [+] [ 16]
 |   |   |   |- Guid:3DEAD8EB468AAFA98E72B58C9C791D67 BaseClass: NativeClass:/Script/Engine.StaticMeshActor Name:StaticMeshActor_14 Label:SM_Ramp3 SpatiallyLoaded:1 Bounds:IsValid=true, Min=(X=1800.000 Y=1700.000 Z=100.000), Max=(X=2000.000 Y=2100.000 Z=200.000) RuntimeGrid:None EditorOnly:0 RuntimeOnly:0 HLODRelevant:1 ListedInSceneOutliner:1 IsMainWorldOnly:0 FolderPath:Block01 FolderGuid:7D23E5AE4C2A421F86AF6986D87E6D05
 |   |   |- [+] [ 17]
 |   |   |   |- Guid:400A0D6948A5DD916351648FEAEBA446 BaseClass: NativeClass:/Script/Engine.SkyAtmosphere Name:SkyAtmosphere_0 Label:SkyAtmosphere SpatiallyLoaded:0 Bounds:IsValid=true, Min=(X=0.000 Y=0.000 Z=1020.000), Max=(X=0.000 Y=0.000 Z=1020.000) RuntimeGrid:None EditorOnly:0 RuntimeOnly:0 HLODRelevant:0 ListedInSceneOutliner:1 IsMainWorldOnly:0 FolderPath:Lighting FolderGuid:963EC3EB4002CCE9759E2EBA541A873A
 |   |   |- [+] [ 18]
 |   |   |   |- Guid:44DD138E4DF1EECEBDC64E9F8F31EC43 BaseClass: NativeClass:/Script/Engine.StaticMeshActor Name:StaticMeshActor_10 Label:SM_ChamferCube2 SpatiallyLoaded:1 Bounds:IsValid=true, Min=(X=992.077 Y=2692.077 Z=0.013), Max=(X=1107.923 Y=2807.923 Z=100.013) RuntimeGrid:None EditorOnly:0 RuntimeOnly:0 HLODRelevant:0 ListedInSceneOutliner:1 IsMainWorldOnly:0
 |   |   |- [+] [ 19]
 |   |   |   |- Guid:4F67D2AA4EF4694BA62E2BB20CCB91D9 BaseClass: NativeClass:/Script/Engine.ExponentialHeightFog Name:ExponentialHeightFog_0 Label:ExponentialHeightFog SpatiallyLoaded:0 Bounds:IsValid=true, Min=(X=-5600.000 Y=-50.000 Z=-6850.000), Max=(X=-5600.000 Y=-50.000 Z=-6850.000) RuntimeGrid:None EditorOnly:0 RuntimeOnly:0 HLODRelevant:0 ListedInSceneOutliner:1 IsMainWorldOnly:0 FolderPath:Lighting FolderGuid:963EC3EB4002CCE9759E2EBA541A873A
 |   |   |- [+] [ 20]
 |   |   |   |- Guid:5410DE004613118D1B20EAB9B5BD90F5 BaseClass: NativeClass:/Script/Engine.StaticMeshActor Name:StaticMeshActor_UAID_10FFE02FCD79EEBF02_1823778102 Label:SM_Cube18 SpatiallyLoaded:1 Bounds:IsValid=true, Min=(X=-278.137 Y=5858.003 Z=-275.134), Max=(X=1176.315 Y=5958.003 Z=398.593) RuntimeGrid:None EditorOnly:0 RuntimeOnly:0 HLODRelevant:1 ListedInSceneOutliner:1 IsMainWorldOnly:0 FolderPath:Playground FolderGuid:C73F09FC4215536B1DCE2A9E0A830C70
 |   |   |- [+] [ 21]
 |   |   |   |- Guid:595FF124438E64BBE457418852297A1C BaseClass: NativeClass:/Script/Engine.StaticMeshActor Name:StaticMeshActor_34 Label:SM_QuarterCylinder13 SpatiallyLoaded:1 Bounds:IsValid=true, Min=(X=2000.000 Y=500.000 Z=0.000), Max=(X=2200.000 Y=700.000 Z=100.000) RuntimeGrid:None EditorOnly:0 RuntimeOnly:0 HLODRelevant:1 ListedInSceneOutliner:1 IsMainWorldOnly:0 FolderPath:Cylinder FolderGuid:D075E5BA49330D3EC2503D81A7CF88D1
 |   |   |- [+] [ 22]
 |   |   |   |- Guid:5EC46A334E2B86669F36E2933904D3FB BaseClass: NativeClass:/Script/Engine.WorldDataLayers Name:WorldDataLayers Label:WorldDataLayers SpatiallyLoaded:0 Bounds:Invalid RuntimeGrid:None EditorOnly:0 RuntimeOnly:0 HLODRelevant:0 ListedInSceneOutliner:1 IsMainWorldOnly:1
 |   |   |- [+] [ 23]
 |   |   |   |- Guid:65701BB844FCE9FF47A488ACD8340D0F BaseClass: NativeClass:/Script/Engine.StaticMeshActor Name:StaticMeshActor_35 Label:SM_QuarterCylinder14 SpatiallyLoaded:1 Bounds:IsValid=true, Min=(X=2200.000 Y=500.000 Z=0.000), Max=(X=2400.000 Y=700.000 Z=100.000) RuntimeGrid:None EditorOnly:0 RuntimeOnly:0 HLODRelevant:1 ListedInSceneOutliner:1 IsMainWorldOnly:0 FolderPath:Cylinder FolderGuid:D075E5BA49330D3EC2503D81A7CF88D1
 |   |   |- [+] [ 24]
 |   |   |   |- Guid:6B13662E42A91B2D8D7B69AC1F64B7D1 BaseClass: NativeClass:/Script/Engine.SkyLight Name:SkyLight_1 Label:SkyLight SpatiallyLoaded:0 Bounds:IsValid=true, Min=(X=0.000 Y=0.000 Z=690.000), Max=(X=0.000 Y=0.000 Z=690.000) RuntimeGrid:None EditorOnly:0 RuntimeOnly:0 HLODRelevant:0 ListedInSceneOutliner:1 IsMainWorldOnly:0 FolderPath:Lighting FolderGuid:963EC3EB4002CCE9759E2EBA541A873A
 |   |   |- [+] [ 25]
 |   |   |   |- Guid:6C20A3274BF8679ADF08C9AAFE2AE087 BaseClass: NativeClass:/Script/Engine.StaticMeshActor Name:StaticMeshActor_9 Label:SM_Ramp2 SpatiallyLoaded:1 Bounds:IsValid=true, Min=(X=1400.000 Y=1500.000 Z=0.000), Max=(X=1800.000 Y=1700.000 Z=100.000) RuntimeGrid:None EditorOnly:0 RuntimeOnly:0 HLODRelevant:1 ListedInSceneOutliner:1 IsMainWorldOnly:0 FolderPath:Block01 FolderGuid:7D23E5AE4C2A421F86AF6986D87E6D05
 |   |   |- [+] [ 26]
 |   |   |   |- Guid:6E000EE048AAE3CBFCDFD78562F129F2 BaseClass: NativeClass:/Script/Engine.StaticMeshActor Name:StaticMeshActor_UAID_10FFE02FCD79ECBF02_1360267727 Label:SM_Cube14 SpatiallyLoaded:1 Bounds:IsValid=true, Min=(X=-301.766 Y=3750.000 Z=-50.000), Max=(X=1044.487 Y=7250.000 Z=0.000) RuntimeGrid:None EditorOnly:0 RuntimeOnly:0 HLODRelevant:1 ListedInSceneOutliner:1 IsMainWorldOnly:0 FolderPath:Playground FolderGuid:C73F09FC4215536B1DCE2A9E0A830C70
 |   |   |- [+] [ 27]
 |   |   |   |- Guid:74E46ED943A8E07E6012BAB462AA944A BaseClass: NativeClass:/Script/Engine.StaticMeshActor Name:StaticMeshActor_24 Label:SM_Cube13 SpatiallyLoaded:1 Bounds:IsValid=true, Min=(X=300.000 Y=2700.000 Z=0.000), Max=(X=400.000 Y=2800.000 Z=200.000) RuntimeGrid:None EditorOnly:0 RuntimeOnly:0 HLODRelevant:1 ListedInSceneOutliner:1 IsMainWorldOnly:0 FolderPath:Block03 FolderGuid:7B7009C345D3D6DD94D3429E1D79C034
 |   |   |- [+] [ 28]
 |   |   |   |- Guid:77D3D4AD4A8F76C13E9FBAB65B0916D8 BaseClass: NativeClass:/Script/Engine.StaticMeshActor Name:StaticMeshActor_UAID_10FFE02FCD79EEBF02_2081350106 Label:Cube2 SpatiallyLoaded:1 Bounds:IsValid=true, Min=(X=989.186 Y=5383.412 Z=-16.345), Max=(X=1018.580 Y=5529.728 Z=277.535) RuntimeGrid:None EditorOnly:0 RuntimeOnly:0 HLODRelevant:1 ListedInSceneOutliner:1 IsMainWorldOnly:0
 |   |   |- [+] [ 29]
 |   |   |   |- Guid:7EED11EE46B8F98F78FEC1A1D436B274 BaseClass: NativeClass:/Script/Engine.PostProcessVolume Name:PostProcessVolume_0 Label:PostProcessVolume SpatiallyLoaded:0 Bounds:IsValid=true, Min=(X=0.000 Y=0.000 Z=400.000), Max=(X=200.000 Y=200.000 Z=600.000) RuntimeGrid:None EditorOnly:0 RuntimeOnly:0 HLODRelevant:0 ListedInSceneOutliner:1 IsMainWorldOnly:0 FolderPath:Lighting FolderGuid:963EC3EB4002CCE9759E2EBA541A873A
 |   |   |- [+] [ 30]
 |   |   |   |- Guid:910A6D364C5EE3BA27F68E9A736F3F5D BaseClass: NativeClass:/Script/Engine.StaticMeshActor Name:StaticMeshActor_32 Label:SM_QuarterCylinder11 SpatiallyLoaded:1 Bounds:IsValid=true, Min=(X=2200.000 Y=700.000 Z=-0.000), Max=(X=2400.000 Y=900.000 Z=100.000) RuntimeGrid:None EditorOnly:0 RuntimeOnly:0 HLODRelevant:1 ListedInSceneOutliner:1 IsMainWorldOnly:0 FolderPath:Cylinder FolderGuid:D075E5BA49330D3EC2503D81A7CF88D1
 |   |   |- [+] [ 31]
 |   |   |   |- Guid:9425D5624F7842F20742D2946BAC601C BaseClass: NativeClass:/Script/Engine.StaticMeshActor Name:StaticMeshActor_UAID_10FFE02FCD79EFBF02_2137341314 Label:Cube4 SpatiallyLoaded:1 Bounds:IsValid=true, Min=(X=-62.784 Y=5645.070 Z=-27.243), Max=(X=37.216 Y=5745.070 Z=72.757) RuntimeGrid:None EditorOnly:0 RuntimeOnly:0 HLODRelevant:1 ListedInSceneOutliner:1 IsMainWorldOnly:0
 |   |   |- [+] [ 32]
 |   |   |   |- Guid:9489A2904D9EE829618D26A5AD035D7E BaseClass: NativeClass:/Script/Engine.StaticMeshActor Name:StaticMeshActor_33 Label:SM_QuarterCylinder12 SpatiallyLoaded:1 Bounds:IsValid=true, Min=(X=2000.000 Y=700.000 Z=0.000), Max=(X=2200.000 Y=900.000 Z=100.000) RuntimeGrid:None EditorOnly:0 RuntimeOnly:0 HLODRelevant:1 ListedInSceneOutliner:1 IsMainWorldOnly:0 FolderPath:Cylinder FolderGuid:D075E5BA49330D3EC2503D81A7CF88D1
 |   |   |- [+] [ 33]
 |   |   |   |- Guid:A0C6C89045DF393FDC0E0B91599FEC4E BaseClass: NativeClass:/Script/Engine.StaticMeshActor Name:StaticMeshActor_6 Label:SM_Cube3 SpatiallyLoaded:1 Bounds:IsValid=true, Min=(X=0.000 Y=3400.000 Z=0.000), Max=(X=3000.000 Y=3500.000 Z=400.000) RuntimeGrid:None EditorOnly:0 RuntimeOnly:0 HLODRelevant:1 ListedInSceneOutliner:1 IsMainWorldOnly:0 FolderPath:Playground FolderGuid:C73F09FC4215536B1DCE2A9E0A830C70
 |   |   |- [+] [ 34]
 |   |   |   |- Guid:A4ACA2D0461675141CDC9B975D79D42A BaseClass: NativeClass:/Script/Engine.StaticMeshActor Name:StaticMeshActor_4 Label:SM_Cube6 SpatiallyLoaded:1 Bounds:IsValid=true, Min=(X=2900.000 Y=100.000 Z=0.000), Max=(X=3000.000 Y=3400.000 Z=400.000) RuntimeGrid:None EditorOnly:0 RuntimeOnly:0 HLODRelevant:1 ListedInSceneOutliner:1 IsMainWorldOnly:0 FolderPath:Playground FolderGuid:C73F09FC4215536B1DCE2A9E0A830C70
 |   |   |- [+] [ 35]
 |   |   |   |- Guid:A6687765442B8DA96B8ADAAD1BDD56DE BaseClass: NativeClass:/Script/Engine.StaticMeshActor Name:StaticMeshActor_23 Label:SM_QuarterCylinder5 SpatiallyLoaded:1 Bounds:IsValid=true, Min=(X=300.000 Y=2800.000 Z=0.000), Max=(X=400.000 Y=2900.000 Z=200.000) RuntimeGrid:None EditorOnly:0 RuntimeOnly:0 HLODRelevant:1 ListedInSceneOutliner:1 IsMainWorldOnly:0 FolderPath:Block03 FolderGuid:7B7009C345D3D6DD94D3429E1D79C034
 |   |   |- [+] [ 36]
 |   |   |   |- Guid:AEDE6B1F487C85983937359F9512A926 BaseClass: NativeClass:/Script/Engine.StaticMeshActor Name:StaticMeshActor_7 Label:SM_Cube7 SpatiallyLoaded:1 Bounds:IsValid=true, Min=(X=1300.000 Y=2200.000 Z=0.000), Max=(X=1500.000 Y=2300.000 Z=200.000) RuntimeGrid:None EditorOnly:0 RuntimeOnly:0 HLODRelevant:1 ListedInSceneOutliner:1 IsMainWorldOnly:0 FolderPath:Block01 FolderGuid:7D23E5AE4C2A421F86AF6986D87E6D05
 |   |   |- [+] [ 37]
 |   |   |   |- Guid:B482FEA348A61021B1E857AFDE2CA089 BaseClass: NativeClass:/Script/Engine.StaticMeshActor Name:StaticMeshActor_UAID_10FFE02FCD79F0BF02_1147172492 Label:Cube6 SpatiallyLoaded:1 Bounds:IsValid=true, Min=(X=484.677 Y=5015.269 Z=-8.279), Max=(X=701.682 Y=5121.352 Z=293.275) RuntimeGrid:None EditorOnly:0 RuntimeOnly:0 HLODRelevant:1 ListedInSceneOutliner:1 IsMainWorldOnly:0
 |   |   |- [+] [ 38]
 |   |   |   |- Guid:B71716F84C32AE96F07AD29915A28095 BaseClass: NativeClass:/Script/Engine.StaticMeshActor Name:StaticMeshActor_3 Label:SM_Ramp SpatiallyLoaded:1 Bounds:IsValid=true, Min=(X=1300.000 Y=600.000 Z=0.000), Max=(X=1700.000 Y=800.000 Z=30.000) RuntimeGrid:None EditorOnly:0 RuntimeOnly:0 HLODRelevant:1 ListedInSceneOutliner:1 IsMainWorldOnly:0
 |   |   |- [+] [ 39]
 |   |   |   |- Guid:BE2227F84B4F6F25AD8B10BF0B25DEF4 BaseClass: NativeClass:/Script/Engine.StaticMeshActor Name:StaticMeshActor_1 Label:SM_Cube SpatiallyLoaded:1 Bounds:IsValid=true, Min=(X=0.000 Y=0.000 Z=-50.000), Max=(X=3000.000 Y=3500.000 Z=0.000) RuntimeGrid:None EditorOnly:0 RuntimeOnly:0 HLODRelevant:1 ListedInSceneOutliner:1 IsMainWorldOnly:0 FolderPath:Playground FolderGuid:C73F09FC4215536B1DCE2A9E0A830C70
 |   |   |- [+] [ 40]
 |   |   |   |- Guid:BE2466E44A038B2D2BA5E8B338378F75 BaseClass: NativeClass:/Script/Engine.StaticMeshActor Name:StaticMeshActor_21 Label:SM_QuarterCylinder3 SpatiallyLoaded:1 Bounds:IsValid=true, Min=(X=1500.000 Y=2200.000 Z=0.000), Max=(X=1600.000 Y=2300.000 Z=200.000) RuntimeGrid:None EditorOnly:0 RuntimeOnly:0 HLODRelevant:1 ListedInSceneOutliner:1 IsMainWorldOnly:0 FolderPath:Block01 FolderGuid:7D23E5AE4C2A421F86AF6986D87E6D05
 |   |   |- [+] [ 41]
 |   |   |   |- Guid:BE4969094AC08F4FC88C2491DDB0CDBF BaseClass: NativeClass:/Script/Engine.StaticMeshActor Name:StaticMeshActor_8 Label:SM_Cube4 SpatiallyLoaded:1 Bounds:IsValid=true, Min=(X=1200.000 Y=1700.000 Z=0.000), Max=(X=1800.000 Y=2200.000 Z=200.000) RuntimeGrid:None EditorOnly:0 RuntimeOnly:0 HLODRelevant:1 ListedInSceneOutliner:1 IsMainWorldOnly:0 FolderPath:Block01 FolderGuid:7D23E5AE4C2A421F86AF6986D87E6D05
 |   |   |- [+] [ 42]
 |   |   |   |- Guid:C7A3A0FC4DEE86F4CF6BE1A50538CBA9 BaseClass: NativeClass:/Script/Engine.StaticMeshActor Name:StaticMeshActor_UAID_10FFE02FCD79ECBF02_1366623728 Label:SM_Cube15 SpatiallyLoaded:1 Bounds:IsValid=true, Min=(X=-175.542 Y=4259.335 Z=-0.000), Max=(X=-75.542 Y=6560.527 Z=400.000) RuntimeGrid:None EditorOnly:0 RuntimeOnly:0 HLODRelevant:1 ListedInSceneOutliner:1 IsMainWorldOnly:0 FolderPath:Playground FolderGuid:C73F09FC4215536B1DCE2A9E0A830C70
 |   |   |- [+] [ 43]
 |   |   |   |- Guid:CC1ECAB3431D8EDA7CFE5684958A463E BaseClass: NativeClass:/Script/Engine.StaticMeshActor Name:StaticMeshActor_UAID_10FFE02FCD79ECBF02_1379006729 Label:SM_Cube16 SpatiallyLoaded:1 Bounds:IsValid=true, Min=(X=-276.227 Y=4952.756 Z=0.000), Max=(X=1024.587 Y=5052.756 Z=400.000) RuntimeGrid:None EditorOnly:0 RuntimeOnly:0 HLODRelevant:1 ListedInSceneOutliner:1 IsMainWorldOnly:0 FolderPath:Playground FolderGuid:C73F09FC4215536B1DCE2A9E0A830C70
 |   |   |- [+] [ 44]
 |   |   |   |- Guid:CD9D6845485455B10FE7A88A42497386 BaseClass: NativeClass:/Script/Engine.StaticMeshActor Name:StaticMeshActor_15 Label:SM_Cube10 SpatiallyLoaded:1 Bounds:IsValid=true, Min=(X=1800.000 Y=2100.000 Z=100.000), Max=(X=2000.000 Y=2200.000 Z=200.000) RuntimeGrid:None EditorOnly:0 RuntimeOnly:0 HLODRelevant:1 ListedInSceneOutliner:1 IsMainWorldOnly:0 FolderPath:Block01 FolderGuid:7D23E5AE4C2A421F86AF6986D87E6D05
 |   |   |- [+] [ 45]
 |   |   |   |- Guid:E244192A430E6FE02566028C3A1F1072 BaseClass: NativeClass:/Script/Engine.SceneCaptureCube Name:SceneCaptureCube_UAID_10FFE02FCD791ABD02_1293076657 Label:SceneCaptureCube2 SpatiallyLoaded:1 Bounds:IsValid=true, Min=(X=2190.000 Y=1440.000 Z=60.000), Max=(X=2190.000 Y=1440.000 Z=60.000) RuntimeGrid:None EditorOnly:0 RuntimeOnly:0 HLODRelevant:0 ListedInSceneOutliner:1 IsMainWorldOnly:0
 |   |   |- [+] [ 46]
 |   |   |   |- Guid:E42965AE4B2CF74A0A315E964A1C0A2C BaseClass: NativeClass:/Script/Engine.StaticMeshActor Name:StaticMeshActor_UAID_10FFE02FCD79EFBF02_2092369312 Label:Cube SpatiallyLoaded:1 Bounds:IsValid=true, Min=(X=-82.440 Y=5393.125 Z=-8.586), Max=(X=234.295 Y=5614.314 Z=71.997) RuntimeGrid:None EditorOnly:0 RuntimeOnly:0 HLODRelevant:1 ListedInSceneOutliner:1 IsMainWorldOnly:0
 |   |   |- [+] [ 47]
 |   |   |   |- Guid:E95354B746F3447D15CA2BA4CE1B4A84 BaseClass: NativeClass:/Script/Engine.StaticMeshActor Name:StaticMeshActor_25 Label:SM_QuarterCylinder6 SpatiallyLoaded:1 Bounds:IsValid=true, Min=(X=1200.000 Y=2200.000 Z=0.000), Max=(X=1300.000 Y=2300.000 Z=200.000) RuntimeGrid:None EditorOnly:0 RuntimeOnly:0 HLODRelevant:1 ListedInSceneOutliner:1 IsMainWorldOnly:0 FolderPath:Block01 FolderGuid:7D23E5AE4C2A421F86AF6986D87E6D05
 |   |   |- [+] [ 48]
 |   |   |   |- Guid:EC119CB8458CD4BE490449A1EDEB25A1 BaseClass: NativeClass:/Script/Engine.StaticMeshActor Name:StaticMeshActor_18 Label:SM_QuarterCylinder SpatiallyLoaded:1 Bounds:IsValid=true, Min=(X=2500.000 Y=2800.000 Z=0.000), Max=(X=2600.000 Y=2900.000 Z=200.000) RuntimeGrid:None EditorOnly:0 RuntimeOnly:0 HLODRelevant:1 ListedInSceneOutliner:1 IsMainWorldOnly:0 FolderPath:Block02 FolderGuid:EBA23F8248252949750E43911A3A1CDD
 |   |   |- [+] [ 49]
 |   |   |   |- Guid:EC7ED71C4F23BDD202494AAC11CE5258 BaseClass: NativeClass:/Script/Engine.StaticMeshActor Name:StaticMeshActor_19 Label:SM_QuarterCylinder2 SpatiallyLoaded:1 Bounds:IsValid=true, Min=(X=2500.000 Y=2600.000 Z=0.000), Max=(X=2600.000 Y=2700.000 Z=200.000) RuntimeGrid:None EditorOnly:0 RuntimeOnly:0 HLODRelevant:1 ListedInSceneOutliner:1 IsMainWorldOnly:0 FolderPath:Block02 FolderGuid:EBA23F8248252949750E43911A3A1CDD
 |   |   |- [+] [ 50]
 |   |   |   |- Guid:FADC5344420D3CE0DD4E7296236E1E70 BaseClass: NativeClass:/Script/Engine.StaticMeshActor Name:StaticMeshActor_11 Label:SM_ChamferCube3 SpatiallyLoaded:1 Bounds:IsValid=true, Min=(X=481.699 Y=2271.699 Z=0.013), Max=(X=618.301 Y=2408.301 Z=100.013) RuntimeGrid:None EditorOnly:0 RuntimeOnly:0 HLODRelevant:0 ListedInSceneOutliner:1 IsMainWorldOnly:0
 |   |   |- [+] [ 51]
 |   |   |   |- Guid:FFFF5B4D4CB33AA898E97FBB5D003F6E BaseClass: NativeClass:/Script/Engine.StaticMeshActor Name:StaticMeshActor_UAID_10FFE02FCD79F0BF02_1105113491 Label:Cube5 SpatiallyLoaded:1 Bounds:IsValid=true, Min=(X=484.677 Y=5753.623 Z=-27.243), Max=(X=701.682 Y=5859.706 Z=72.757) RuntimeGrid:None EditorOnly:0 RuntimeOnly:0 HLODRelevant:1 ListedInSceneOutliner:1 IsMainWorldOnly:0
 |- ContainerInstances:
 |- [+] MainContainer:
 |   |-        ID: 00000000000000000000000000000000
 |   |-  ParentID: 00000000000000000000000000000000
 |   |-    Bounds: IsValid=false, Min=(X=0.000 Y=0.000 Z=0.000), Max=(X=0.000 Y=0.000 Z=0.000)
 |   |- Transform: 0.000000,0.000000,0.000000|0.000000,0.000000,-0.000000|1.000000,1.000000,1.000000
 |   |- Container: /Game/nivel_2
----------------------------------------------------------------------------------------------------------------
nivel_2 - Persistent Level
----------------------------------------------------------------------------------------------------------------
[+] Content of nivel_2 Persistent Level
 |- Always loaded Actor Count: 52 
 |- Actor Path: /Game/nivel_2.nivel_2:PersistentLevel.cambio_cuadro_C_UAID_10FFE02FCD791ABD02_1600466658
 |- Actor Package: /Game/__ExternalActors__/nivel_2/C/VP/CW7DEZ2IKNKM5G3GHNYICC
 |- Actor Path: /Game/nivel_2.nivel_2:PersistentLevel.DirectionalLight_0
 |- Actor Package: /Game/__ExternalActors__/nivel_2/9/O8/XGS298KEJTA6T9PI5V2ELS
 |- Actor Path: /Game/nivel_2.nivel_2:PersistentLevel.ExponentialHeightFog_0
 |- Actor Package: /Game/__ExternalActors__/nivel_2/D/PA/3MYQJV7VDX55RHM9E1JL13
 |- Actor Path: /Game/nivel_2.nivel_2:PersistentLevel.PlayerStart_0
 |- Actor Package: /Game/__ExternalActors__/nivel_2/1/XP/RA6YCOPHZG4594ZLKJ1FKE
 |- Actor Path: /Game/nivel_2.nivel_2:PersistentLevel.PostProcessVolume_0
 |- Actor Package: /Game/__ExternalActors__/nivel_2/C/JB/ZLRF0PSW1DE4WNP0ZROBUD
 |- Actor Path: /Game/nivel_2.nivel_2:PersistentLevel.SceneCaptureCube_UAID_10FFE02FCD7919BD02_1588154479
 |- Actor Package: /Game/__ExternalActors__/nivel_2/B/KQ/SQS91WIMH0GPANOIMGKJX9
 |- Actor Path: /Game/nivel_2.nivel_2:PersistentLevel.SceneCaptureCube_UAID_10FFE02FCD791ABD02_1293076657
 |- Actor Package: /Game/__ExternalActors__/nivel_2/2/DR/UL60GE51GIBIY6V02LT4O6
 |- Actor Path: /Game/nivel_2.nivel_2:PersistentLevel.SkyAtmosphere_0
 |- Actor Package: /Game/__ExternalActors__/nivel_2/2/WC/VMJSXFAU5UEMXFOLMB8BOL
 |- Actor Path: /Game/nivel_2.nivel_2:PersistentLevel.SkyLight_1
 |- Actor Package: /Game/__ExternalActors__/nivel_2/B/U5/AO84GJCQXX24HIF71NXWLP
 |- Actor Path: /Game/nivel_2.nivel_2:PersistentLevel.StaticMeshActor_0
 |- Actor Package: /Game/__ExternalActors__/nivel_2/6/KI/FI478IBJPWPT8IZA99HZ7Q
 |- Actor Path: /Game/nivel_2.nivel_2:PersistentLevel.StaticMeshActor_1
 |- Actor Package: /Game/__ExternalActors__/nivel_2/A/LU/SHVZIN47940TQRVDAR4L40
 |- Actor Path: /Game/nivel_2.nivel_2:PersistentLevel.StaticMeshActor_10
 |- Actor Package: /Game/__ExternalActors__/nivel_2/A/2D/ZINQ1KJ9XNSCVPIRT81V35
 |- Actor Path: /Game/nivel_2.nivel_2:PersistentLevel.StaticMeshActor_11
 |- Actor Package: /Game/__ExternalActors__/nivel_2/B/D6/QCBAK4LFH4HX7IL7ASUUNI
 |- Actor Path: /Game/nivel_2.nivel_2:PersistentLevel.StaticMeshActor_12
 |- Actor Package: /Game/__ExternalActors__/nivel_2/4/FA/J7QJU4CUGPPH3SBN2GPQVR
 |- Actor Path: /Game/nivel_2.nivel_2:PersistentLevel.StaticMeshActor_13
 |- Actor Package: /Game/__ExternalActors__/nivel_2/A/M5/TCN9MHO69YQ46X2L5NXRRO
 |- Actor Path: /Game/nivel_2.nivel_2:PersistentLevel.StaticMeshActor_14
 |- Actor Package: /Game/__ExternalActors__/nivel_2/9/HS/RFEVXMV71TROA3M5L27L7C
 |- Actor Path: /Game/nivel_2.nivel_2:PersistentLevel.StaticMeshActor_15
 |- Actor Package: /Game/__ExternalActors__/nivel_2/A/Q7/R5OOD02Q2XD0G4GDRWWX8R
 |- Actor Path: /Game/nivel_2.nivel_2:PersistentLevel.StaticMeshActor_16
 |- Actor Package: /Game/__ExternalActors__/nivel_2/6/2O/R1P8HRELJYC1WDEAPLZ649
 |- Actor Path: /Game/nivel_2.nivel_2:PersistentLevel.StaticMeshActor_18
 |- Actor Package: /Game/__ExternalActors__/nivel_2/B/AP/6XV8HBJGWRWURS0ZY2ISDS
 |- Actor Path: /Game/nivel_2.nivel_2:PersistentLevel.StaticMeshActor_19
 |- Actor Package: /Game/__ExternalActors__/nivel_2/5/RA/3BX8GSU4ITU0TB3A4JHK3W
 |- Actor Path: /Game/nivel_2.nivel_2:PersistentLevel.StaticMeshActor_2
 |- Actor Package: /Game/__ExternalActors__/nivel_2/D/4N/SA6C3FG1YI8K3IFO57MI8A
 |- Actor Path: /Game/nivel_2.nivel_2:PersistentLevel.StaticMeshActor_20
 |- Actor Package: /Game/__ExternalActors__/nivel_2/D/C8/69BZRBDGCG7HBH7QTS7TH2
 |- Actor Path: /Game/nivel_2.nivel_2:PersistentLevel.StaticMeshActor_21
 |- Actor Package: /Game/__ExternalActors__/nivel_2/0/17/192A8YZQMFZYTNDKG6AV2U
 |- Actor Path: /Game/nivel_2.nivel_2:PersistentLevel.StaticMeshActor_22
 |- Actor Package: /Game/__ExternalActors__/nivel_2/6/3C/JGPNA9MHU5QS9G6G1GBA6B
 |- Actor Path: /Game/nivel_2.nivel_2:PersistentLevel.StaticMeshActor_23
 |- Actor Package: /Game/__ExternalActors__/nivel_2/7/OF/6UDYP8KZ384IKTM683HEFT
 |- Actor Path: /Game/nivel_2.nivel_2:PersistentLevel.StaticMeshActor_24
 |- Actor Package: /Game/__ExternalActors__/nivel_2/E/AR/S7K2XHA1T4752FB3HRJHSV
 |- Actor Path: /Game/nivel_2.nivel_2:PersistentLevel.StaticMeshActor_25
 |- Actor Package: /Game/__ExternalActors__/nivel_2/C/9U/KY6KVIWM3ROLRXD64GO5QQ
 |- Actor Path: /Game/nivel_2.nivel_2:PersistentLevel.StaticMeshActor_3
 |- Actor Package: /Game/__ExternalActors__/nivel_2/2/CY/MYNE3BJCYJO82AL3FNDMOT
 |- Actor Path: /Game/nivel_2.nivel_2:PersistentLevel.StaticMeshActor_32
 |- Actor Package: /Game/__ExternalActors__/nivel_2/B/YS/CE8WBVHM7V61ROAVLV41FR
 |- Actor Path: /Game/nivel_2.nivel_2:PersistentLevel.StaticMeshActor_33
 |- Actor Package: /Game/__ExternalActors__/nivel_2/1/IF/V7KWLR5AUWB9UEXG51UU1Q
 |- Actor Path: /Game/nivel_2.nivel_2:PersistentLevel.StaticMeshActor_34
 |- Actor Package: /Game/__ExternalActors__/nivel_2/E/71/OHFS6SA840DHOHXXNUU1AN
 |- Actor Path: /Game/nivel_2.nivel_2:PersistentLevel.StaticMeshActor_35
 |- Actor Package: /Game/__ExternalActors__/nivel_2/7/0M/D3GOFN20H3FLVVA9R5D7FG
 |- Actor Path: /Game/nivel_2.nivel_2:PersistentLevel.StaticMeshActor_4
 |- Actor Package: /Game/__ExternalActors__/nivel_2/F/27/8232YP909KELY6DWAT8F4V
 |- Actor Path: /Game/nivel_2.nivel_2:PersistentLevel.StaticMeshActor_5
 |- Actor Package: /Game/__ExternalActors__/nivel_2/0/9Q/0LA0G699C88LON2CREYGPD
 |- Actor Path: /Game/nivel_2.nivel_2:PersistentLevel.StaticMeshActor_6
 |- Actor Package: /Game/__ExternalActors__/nivel_2/5/7H/6MPSXS0L3KG356A4BWHUZX
 |- Actor Path: /Game/nivel_2.nivel_2:PersistentLevel.StaticMeshActor_7
 |- Actor Package: /Game/__ExternalActors__/nivel_2/9/3W/LCEQQM0G1L00QIXU3BAVRA
 |- Actor Path: /Game/nivel_2.nivel_2:PersistentLevel.StaticMeshActor_8
 |- Actor Package: /Game/__ExternalActors__/nivel_2/A/32/I4HR6MVVOXMX12BY49BP7A
 |- Actor Path: /Game/nivel_2.nivel_2:PersistentLevel.StaticMeshActor_9
 |- Actor Package: /Game/__ExternalActors__/nivel_2/F/15/IKRN8PENMBUITYZ1M9CE78
 |- Actor Path: /Game/nivel_2.nivel_2:PersistentLevel.StaticMeshActor_UAID_10FFE02FCD79ECBF02_1360267727
 |- Actor Package: /Game/__ExternalActors__/nivel_2/D/YJ/FKH8XLVQRS0Z948IVX0N81
 |- Actor Path: /Game/nivel_2.nivel_2:PersistentLevel.StaticMeshActor_UAID_10FFE02FCD79ECBF02_1366623728
 |- Actor Package: /Game/__ExternalActors__/nivel_2/F/40/YBWVRLPIAPODJIIWX6JRFP
 |- Actor Path: /Game/nivel_2.nivel_2:PersistentLevel.StaticMeshActor_UAID_10FFE02FCD79ECBF02_1379006729
 |- Actor Package: /Game/__ExternalActors__/nivel_2/0/BH/VK2ZUPCKKATNY4OZV2JMIG
 |- Actor Path: /Game/nivel_2.nivel_2:PersistentLevel.StaticMeshActor_UAID_10FFE02FCD79ECBF02_1389227730
 |- Actor Package: /Game/__ExternalActors__/nivel_2/8/Q6/9FYOOZ0JO3CFCXYHCWIKAR
 |- Actor Path: /Game/nivel_2.nivel_2:PersistentLevel.StaticMeshActor_UAID_10FFE02FCD79EEBF02_1823778102
 |- Actor Package: /Game/__ExternalActors__/nivel_2/3/WZ/PN1ZR6E0UDBSTEAO5RY9J8
 |- Actor Path: /Game/nivel_2.nivel_2:PersistentLevel.StaticMeshActor_UAID_10FFE02FCD79EEBF02_2081350106
 |- Actor Package: /Game/__ExternalActors__/nivel_2/3/V5/PYYDP3PUYUTGXKLQMBXPXV
 |- Actor Path: /Game/nivel_2.nivel_2:PersistentLevel.StaticMeshActor_UAID_10FFE02FCD79EFBF02_2092369312
 |- Actor Package: /Game/__ExternalActors__/nivel_2/0/4T/CY3HFXFBUDZRV6A26V33BI
 |- Actor Path: /Game/nivel_2.nivel_2:PersistentLevel.StaticMeshActor_UAID_10FFE02FCD79EFBF02_2127754313
 |- Actor Package: /Game/__ExternalActors__/nivel_2/D/8L/GTWQR51Z4GSGW2XDPA1E3B
 |- Actor Path: /Game/nivel_2.nivel_2:PersistentLevel.StaticMeshActor_UAID_10FFE02FCD79EFBF02_2137341314
 |- Actor Package: /Game/__ExternalActors__/nivel_2/1/A4/MZ0F3WL8DXIHUBDI07QYT5
 |- Actor Path: /Game/nivel_2.nivel_2:PersistentLevel.StaticMeshActor_UAID_10FFE02FCD79F0BF02_1105113491
 |- Actor Package: /Game/__ExternalActors__/nivel_2/E/6A/TDU16ELO6Q09LJHJQ279DX
 |- Actor Path: /Game/nivel_2.nivel_2:PersistentLevel.StaticMeshActor_UAID_10FFE02FCD79F0BF02_1147172492
 |- Actor Package: /Game/__ExternalActors__/nivel_2/B/P1/0R389KPX7JXZCHSQ7O0HSS
 |- Actor Path: /Game/nivel_2.nivel_2:PersistentLevel.StaticMeshActor_UAID_A4AE111137DC5EFB00_1110535423
 |- Actor Package: /Game/__ExternalActors__/nivel_2/3/ZY/T3AU9VMARKGDG1XCVK0PTE
 |- Actor Path: /Game/nivel_2.nivel_2:PersistentLevel.VolumetricCloud_0
 |- Actor Package: /Game/__ExternalActors__/nivel_2/B/YW/X97L6PYX0CWTJPE60UTIRH
 |- Actor Path: /Game/nivel_2.nivel_2:PersistentLevel.WorldDataLayers
 |- Actor Package: /Game/__ExternalActors__/nivel_2/6/OI/NC4D5DG79GHSKYIOHAGPPI

----------------------------------------------------------------------------------------------------------------
nivel_2 - Runtime Hash Set
----------------------------------------------------------------------------------------------------------------

